TN:
SF:/Users/mohayonao/webapp/SCScript/src/sc/sc.js
FN:1,(anonymous_1)
FN:7,SCScript
FN:11,(anonymous_3)
FNF:3
FNH:3
FNDA:1,(anonymous_1)
FNDA:1,SCScript
FNDA:1,(anonymous_3)
DA:1,1
DA:4,1
DA:5,1
DA:7,1
DA:8,1
DA:11,1
DA:12,1
DA:15,1
DA:17,1
LF:9
LH:9
BRF:0
BRH:0
end_of_record
TN:
SF:/Users/mohayonao/webapp/SCScript/src/sc/lang/dollarSC.js
FN:1,(anonymous_1)
FN:6,(anonymous_2)
FN:18,(anonymous_3)
FNF:3
FNH:3
FNDA:1,(anonymous_1)
FNDA:2,(anonymous_2)
FNDA:0,(anonymous_3)
DA:1,1
DA:4,1
DA:6,1
DA:7,2
DA:9,2
DA:10,2
DA:11,1
DA:14,1
DA:18,1
DA:20,1
DA:21,1
DA:22,1
DA:23,1
DA:24,1
DA:25,1
DA:26,1
DA:27,1
DA:28,1
DA:29,1
DA:30,1
DA:31,1
DA:32,1
DA:33,1
DA:34,1
DA:36,1
LF:25
LH:25
BRDA:10,1,0,1
BRDA:10,1,1,1
BRF:2
BRH:2
end_of_record
TN:
SF:/Users/mohayonao/webapp/SCScript/src/sc/lang/sc.js
FNF:0
FNH:0
DA:1,1
LF:1
LH:1
BRF:0
BRH:0
end_of_record
TN:
SF:/Users/mohayonao/webapp/SCScript/src/sc/lang/klass.js
FN:1,(anonymous_1)
FN:13,(anonymous_2)
FN:14,F
FN:18,Meta_F
FN:21,MetaSpec
FN:28,(anonymous_6)
FN:29,(anonymous_7)
FN:35,(anonymous_8)
FN:36,(anonymous_9)
FN:43,(anonymous_10)
FN:59,(anonymous_11)
FN:76,(anonymous_12)
FN:100,(anonymous_13)
FN:112,(anonymous_14)
FN:131,SCObject
FN:137,SCClass
FN:141,(anonymous_17)
FN:151,(anonymous_18)
FN:156,(anonymous_19)
FN:157,(anonymous_20)
FN:160,(anonymous_21)
FN:163,(anonymous_22)
FN:166,(anonymous_23)
FN:169,(anonymous_24)
FN:172,(anonymous_25)
FN:185,(anonymous_26)
FN:191,(anonymous_27)
FN:194,(anonymous_28)
FN:197,(anonymous_29)
FN:200,(anonymous_30)
FNF:30
FNH:30
FNDA:1,(anonymous_1)
FNDA:34,(anonymous_2)
FNDA:34,F
FNDA:34,Meta_F
FNDA:14,MetaSpec
FNDA:1729,(anonymous_6)
FNDA:2,(anonymous_7)
FNDA:40,(anonymous_8)
FNDA:91,(anonymous_9)
FNDA:1729,(anonymous_10)
FNDA:38,(anonymous_11)
FNDA:69,(anonymous_12)
FNDA:6,(anonymous_13)
FNDA:48,(anonymous_14)
FNDA:43,SCObject
FNDA:36,SCClass
FNDA:1,(anonymous_17)
FNDA:17,(anonymous_18)
FNDA:15,(anonymous_19)
FNDA:1,(anonymous_20)
FNDA:1,(anonymous_21)
FNDA:2,(anonymous_22)
FNDA:2,(anonymous_23)
FNDA:108,(anonymous_24)
FNDA:2,(anonymous_25)
FNDA:40,(anonymous_26)
FNDA:1,(anonymous_27)
FNDA:3,(anonymous_28)
FNDA:1,(anonymous_29)
FNDA:3,(anonymous_30)
DA:1,1
DA:4,1
DA:5,1
DA:7,1
DA:9,1
DA:11,1
DA:13,1
DA:14,1
DA:15,34
DA:16,34
DA:18,1
DA:19,34
DA:21,1
DA:22,34
DA:24,34
DA:27,1
DA:29,1729
DA:30,2
DA:35,1
DA:36,40
DA:37,91
DA:38,91
DA:39,14
DA:41,77
DA:42,33
DA:43,33
DA:44,1729
DA:45,58
DA:46,58
DA:48,1671
DA:51,44
DA:52,15
DA:54,29
DA:59,1
DA:60,38
DA:62,38
DA:63,38
DA:64,1
DA:69,37
DA:70,1
DA:75,36
DA:76,36
DA:77,69
DA:80,36
DA:81,35
DA:82,1
DA:86,34
DA:89,35
DA:91,35
DA:93,35
DA:94,35
DA:95,35
DA:96,35
DA:97,35
DA:100,1
DA:101,6
DA:103,6
DA:104,1
DA:108,5
DA:109,5
DA:112,1
DA:113,48
DA:115,48
DA:116,16
DA:117,1
DA:121,15
DA:122,15
DA:123,15
DA:124,15
DA:125,15
DA:128,47
DA:131,1
DA:132,43
DA:134,1
DA:135,1
DA:137,1
DA:138,36
DA:139,36
DA:140,36
DA:141,36
DA:142,36
DA:144,1
DA:147,1
DA:150,1
DA:152,17
DA:153,17
DA:154,17
DA:158,1
DA:161,1
DA:164,2
DA:167,2
DA:170,108
DA:173,2
DA:175,2
DA:176,2
DA:177,1
DA:178,1
DA:180,1
DA:183,2
DA:186,40
DA:190,1
DA:192,1
DA:195,3
DA:198,1
DA:201,3
DA:205,1
LF:106
LH:106
BRDA:38,1,0,14
BRDA:38,1,1,77
BRDA:41,2,0,33
BRDA:41,2,1,44
BRDA:44,3,0,58
BRDA:44,3,1,1671
BRDA:51,4,0,15
BRDA:51,4,1,29
BRDA:63,5,0,1
BRDA:63,5,1,37
BRDA:63,6,0,38
BRDA:63,6,1,38
BRDA:69,7,0,1
BRDA:69,7,1,36
BRDA:69,8,0,37
BRDA:69,8,1,2
BRDA:69,9,0,2
BRDA:69,9,1,1
BRDA:75,10,0,36
BRDA:75,10,1,3
BRDA:76,11,0,14
BRDA:76,11,1,22
BRDA:80,12,0,35
BRDA:80,12,1,1
BRDA:81,13,0,1
BRDA:81,13,1,34
BRDA:103,14,0,1
BRDA:103,14,1,5
BRDA:115,15,0,16
BRDA:115,15,1,32
BRDA:116,16,0,1
BRDA:116,16,1,15
BRDA:141,17,0,36
BRDA:141,17,1,2
BRDA:176,18,0,1
BRDA:176,18,1,1
BRDA:195,19,0,1
BRDA:195,19,1,2
BRF:38
BRH:38
end_of_record
TN:
SF:/Users/mohayonao/webapp/SCScript/src/sc/lang/classlib/Collections/Array.js
FN:1,(anonymous_1)
FN:8,SCArray
FN:71,(anonymous_3)
FNF:3
FNH:3
FNDA:1,(anonymous_1)
FNDA:3,SCArray
FNDA:2,(anonymous_3)
DA:1,1
DA:4,1
DA:6,1
DA:8,1
DA:9,3
DA:10,3
DA:11,3
DA:14,1
DA:71,1
DA:72,2
LF:10
LH:10
BRDA:11,1,0,3
BRDA:11,1,1,2
BRF:2
BRH:2
end_of_record
TN:
SF:/Users/mohayonao/webapp/SCScript/src/sc/lang/classlib/Collections/ArrayedCollection.js
FN:1,(anonymous_1)
FNF:1
FNH:1
FNDA:1,(anonymous_1)
DA:1,1
DA:4,1
DA:6,1
DA:88,1
LF:4
LH:4
BRF:0
BRH:0
end_of_record
TN:
SF:/Users/mohayonao/webapp/SCScript/src/sc/lang/classlib/Collections/SequenceableCollection.js
FN:1,(anonymous_1)
FNF:1
FNH:1
FNDA:1,(anonymous_1)
DA:1,1
DA:4,1
DA:6,1
LF:3
LH:3
BRF:0
BRH:0
end_of_record
TN:
SF:/Users/mohayonao/webapp/SCScript/src/sc/lang/classlib/Collections/Collection.js
FN:1,(anonymous_1)
FNF:1
FNH:1
FNDA:1,(anonymous_1)
DA:1,1
DA:4,1
DA:6,1
LF:3
LH:3
BRF:0
BRH:0
end_of_record
TN:
SF:/Users/mohayonao/webapp/SCScript/src/sc/lang/classlib/Core/Object.js
FN:1,(anonymous_1)
FN:8,(anonymous_2)
FN:11,(anonymous_3)
FN:14,(anonymous_4)
FN:17,(anonymous_5)
FNF:5
FNH:5
FNDA:1,(anonymous_1)
FNDA:14,(anonymous_2)
FNDA:1,(anonymous_3)
FNDA:1,(anonymous_4)
FNDA:1,(anonymous_5)
DA:1,1
DA:4,1
DA:5,1
DA:7,1
DA:9,14
DA:12,1
DA:15,1
DA:18,1
LF:8
LH:8
BRF:0
BRH:0
end_of_record
TN:
SF:/Users/mohayonao/webapp/SCScript/src/sc/lang/classlib/Collections/Dictionary.js
FN:1,(anonymous_1)
FN:8,SCDictionary
FN:87,(anonymous_3)
FNF:3
FNH:3
FNDA:1,(anonymous_1)
FNDA:3,SCDictionary
FNDA:2,(anonymous_3)
DA:1,1
DA:4,1
DA:6,1
DA:8,1
DA:9,3
DA:10,3
DA:11,3
DA:14,1
DA:68,1
DA:87,1
DA:88,2
LF:11
LH:11
BRDA:11,1,0,3
BRDA:11,1,1,2
BRF:2
BRH:2
end_of_record
TN:
SF:/Users/mohayonao/webapp/SCScript/src/sc/lang/classlib/Collections/Set.js
FN:1,(anonymous_1)
FNF:1
FNH:1
FNDA:1,(anonymous_1)
DA:1,1
DA:4,1
DA:6,1
LF:3
LH:3
BRF:0
BRH:0
end_of_record
TN:
SF:/Users/mohayonao/webapp/SCScript/src/sc/lang/classlib/Collections/Environment.js
FN:1,(anonymous_1)
FNF:1
FNH:1
FNDA:1,(anonymous_1)
DA:1,1
DA:4,1
DA:6,1
LF:3
LH:3
BRF:0
BRH:0
end_of_record
TN:
SF:/Users/mohayonao/webapp/SCScript/src/sc/lang/classlib/Collections/Event.js
FN:1,(anonymous_1)
FNF:1
FNH:1
FNDA:1,(anonymous_1)
DA:1,1
DA:4,1
DA:6,1
LF:3
LH:3
BRF:0
BRH:0
end_of_record
TN:
SF:/Users/mohayonao/webapp/SCScript/src/sc/lang/classlib/Collections/String.js
FN:1,(anonymous_1)
FN:10,SCString
FN:23,(anonymous_3)
FN:26,(anonymous_4)
FN:29,(anonymous_5)
FN:142,(anonymous_6)
FNF:6
FNH:6
FNDA:1,(anonymous_1)
FNDA:8,SCString
FNDA:1,(anonymous_3)
FNDA:1,(anonymous_4)
FNDA:1,(anonymous_5)
FNDA:8,(anonymous_6)
DA:1,1
DA:4,1
DA:6,1
DA:8,1
DA:10,1
DA:11,8
DA:12,4
DA:15,4
DA:16,4
DA:17,4
DA:18,4
DA:21,1
DA:24,1
DA:27,1
DA:30,1
DA:142,1
DA:143,8
LF:17
LH:17
BRDA:11,1,0,4
BRDA:11,1,1,4
BRF:2
BRH:2
end_of_record
TN:
SF:/Users/mohayonao/webapp/SCScript/src/sc/lang/classlib/Core/AbstractFunction.js
FN:1,(anonymous_1)
FNF:1
FNH:1
FNDA:1,(anonymous_1)
DA:1,1
DA:4,1
DA:6,1
LF:3
LH:3
BRF:0
BRH:0
end_of_record
TN:
SF:/Users/mohayonao/webapp/SCScript/src/sc/lang/classlib/Core/Boolean.js
FN:1,(anonymous_1)
FN:11,SCTrue
FN:21,SCFalse
FN:32,(anonymous_4)
FN:57,(anonymous_5)
FN:60,(anonymous_6)
FN:76,(anonymous_7)
FN:79,(anonymous_8)
FN:93,(anonymous_9)
FN:97,(anonymous_10)
FN:101,(anonymous_11)
FNF:11
FNH:11
FNDA:1,(anonymous_1)
FNDA:9,SCTrue
FNDA:9,SCFalse
FNDA:1,(anonymous_4)
FNDA:1,(anonymous_5)
FNDA:1,(anonymous_6)
FNDA:1,(anonymous_7)
FNDA:1,(anonymous_8)
FNDA:6,(anonymous_9)
FNDA:9,(anonymous_10)
FNDA:9,(anonymous_11)
DA:1,1
DA:4,1
DA:6,1
DA:8,1
DA:9,1
DA:11,1
DA:12,9
DA:13,8
DA:15,1
DA:16,1
DA:17,1
DA:18,1
DA:21,1
DA:22,9
DA:23,8
DA:25,1
DA:26,1
DA:27,1
DA:28,1
DA:31,1
DA:33,1
DA:55,1
DA:58,1
DA:61,1
DA:74,1
DA:77,1
DA:80,1
DA:93,1
DA:94,6
DA:97,1
DA:98,9
DA:101,1
DA:102,9
LF:33
LH:33
BRDA:12,1,0,8
BRDA:12,1,1,1
BRDA:22,2,0,8
BRDA:22,2,1,1
BRDA:94,3,0,3
BRDA:94,3,1,3
BRF:6
BRH:6
end_of_record
TN:
SF:/Users/mohayonao/webapp/SCScript/src/sc/lang/classlib/Core/Char.js
FN:1,(anonymous_1)
FN:10,SCChar
FN:22,(anonymous_3)
FN:25,(anonymous_4)
FN:28,(anonymous_5)
FN:58,(anonymous_6)
FNF:6
FNH:6
FNDA:1,(anonymous_1)
FNDA:7,SCChar
FNDA:1,(anonymous_3)
FNDA:1,(anonymous_4)
FNDA:1,(anonymous_5)
FNDA:7,(anonymous_6)
DA:1,1
DA:4,1
DA:6,1
DA:8,1
DA:10,1
DA:11,7
DA:12,5
DA:14,2
DA:15,2
DA:16,2
DA:17,2
DA:20,1
DA:23,1
DA:26,1
DA:29,1
DA:58,1
DA:59,7
LF:17
LH:17
BRDA:11,1,0,5
BRDA:11,1,1,2
BRF:2
BRH:2
end_of_record
TN:
SF:/Users/mohayonao/webapp/SCScript/src/sc/lang/classlib/Math/Magnitude.js
FN:1,(anonymous_1)
FNF:1
FNH:1
FNDA:1,(anonymous_1)
DA:1,1
DA:4,1
DA:6,1
LF:3
LH:3
BRF:0
BRH:0
end_of_record
TN:
SF:/Users/mohayonao/webapp/SCScript/src/sc/lang/classlib/Core/Function.js
FN:1,(anonymous_1)
FN:8,SCFunction
FN:16,(anonymous_3)
FN:72,(anonymous_4)
FNF:4
FNH:4
FNDA:1,(anonymous_1)
FNDA:2,SCFunction
FNDA:1,(anonymous_3)
FNDA:2,(anonymous_4)
DA:1,1
DA:4,1
DA:6,1
DA:8,1
DA:9,2
DA:10,2
DA:11,2
DA:14,1
DA:17,1
DA:72,1
DA:73,2
LF:11
LH:11
BRF:0
BRH:0
end_of_record
TN:
SF:/Users/mohayonao/webapp/SCScript/src/sc/lang/classlib/Core/Kernel.js
FN:1,(anonymous_1)
FNF:1
FNH:1
FNDA:1,(anonymous_1)
DA:1,1
DA:4,1
DA:6,1
LF:3
LH:3
BRF:0
BRH:0
end_of_record
TN:
SF:/Users/mohayonao/webapp/SCScript/src/sc/lang/classlib/Core/Nil.js
FN:1,(anonymous_1)
FN:10,SCNil
FN:22,(anonymous_3)
FN:25,(anonymous_4)
FN:85,(anonymous_5)
FNF:5
FNH:5
FNDA:1,(anonymous_1)
FNDA:5,SCNil
FNDA:1,(anonymous_3)
FNDA:1,(anonymous_4)
FNDA:5,(anonymous_5)
DA:1,1
DA:4,1
DA:6,1
DA:8,1
DA:10,1
DA:11,5
DA:12,4
DA:14,1
DA:15,1
DA:16,1
DA:17,1
DA:20,1
DA:23,1
DA:26,1
DA:85,1
DA:86,5
LF:16
LH:16
BRDA:11,1,0,4
BRDA:11,1,1,1
BRF:2
BRH:2
end_of_record
TN:
SF:/Users/mohayonao/webapp/SCScript/src/sc/lang/classlib/Core/Ref.js
FN:1,(anonymous_1)
FNF:1
FNH:1
FNDA:1,(anonymous_1)
DA:1,1
DA:4,1
DA:6,1
LF:3
LH:3
BRF:0
BRH:0
end_of_record
TN:
SF:/Users/mohayonao/webapp/SCScript/src/sc/lang/classlib/Core/Symbol.js
FN:1,(anonymous_1)
FN:10,SCSymbol
FN:22,(anonymous_3)
FN:25,(anonymous_4)
FN:28,(anonymous_5)
FN:147,(anonymous_6)
FNF:6
FNH:6
FNDA:1,(anonymous_1)
FNDA:7,SCSymbol
FNDA:1,(anonymous_3)
FNDA:1,(anonymous_4)
FNDA:1,(anonymous_5)
FNDA:7,(anonymous_6)
DA:1,1
DA:4,1
DA:6,1
DA:8,1
DA:10,1
DA:11,7
DA:12,4
DA:14,3
DA:15,3
DA:16,3
DA:17,3
DA:20,1
DA:23,1
DA:26,1
DA:29,1
DA:147,1
DA:148,7
LF:17
LH:17
BRDA:11,1,0,4
BRDA:11,1,1,3
BRF:2
BRH:2
end_of_record
TN:
SF:/Users/mohayonao/webapp/SCScript/src/sc/lang/classlib/Core/Thread.js
FN:1,(anonymous_1)
FNF:1
FNH:1
FNDA:1,(anonymous_1)
DA:1,1
DA:4,1
DA:6,1
DA:33,1
LF:4
LH:4
BRF:0
BRH:0
end_of_record
TN:
SF:/Users/mohayonao/webapp/SCScript/src/sc/lang/classlib/Streams/Stream.js
FN:1,(anonymous_1)
FNF:1
FNH:1
FNDA:1,(anonymous_1)
DA:1,1
DA:4,1
DA:6,1
DA:47,1
DA:70,1
LF:5
LH:5
BRF:0
BRH:0
end_of_record
TN:
SF:/Users/mohayonao/webapp/SCScript/src/sc/lang/classlib/Math/Float.js
FN:1,(anonymous_1)
FN:10,SCFloat
FN:22,(anonymous_3)
FN:25,(anonymous_4)
FN:50,(anonymous_5)
FNF:5
FNH:5
FNDA:1,(anonymous_1)
FNDA:7,SCFloat
FNDA:1,(anonymous_3)
FNDA:1,(anonymous_4)
FNDA:7,(anonymous_5)
DA:1,1
DA:4,1
DA:6,1
DA:8,1
DA:10,1
DA:11,7
DA:12,2
DA:14,5
DA:15,5
DA:16,5
DA:17,5
DA:20,1
DA:23,1
DA:26,1
DA:50,1
DA:51,7
LF:16
LH:16
BRDA:11,1,0,2
BRDA:11,1,1,5
BRF:2
BRH:2
end_of_record
TN:
SF:/Users/mohayonao/webapp/SCScript/src/sc/lang/classlib/Math/SimpleNumber.js
FN:1,(anonymous_1)
FNF:1
FNH:1
FNDA:1,(anonymous_1)
DA:1,1
DA:4,1
DA:6,1
LF:3
LH:3
BRF:0
BRH:0
end_of_record
TN:
SF:/Users/mohayonao/webapp/SCScript/src/sc/lang/classlib/Math/Number.js
FN:1,(anonymous_1)
FNF:1
FNH:1
FNDA:1,(anonymous_1)
DA:1,1
DA:4,1
DA:6,1
LF:3
LH:3
BRF:0
BRH:0
end_of_record
TN:
SF:/Users/mohayonao/webapp/SCScript/src/sc/lang/classlib/Math/Integer.js
FN:1,(anonymous_1)
FN:10,SCInteger
FN:22,(anonymous_3)
FN:25,(anonymous_4)
FN:88,(anonymous_5)
FNF:5
FNH:5
FNDA:1,(anonymous_1)
FNDA:6,SCInteger
FNDA:1,(anonymous_3)
FNDA:1,(anonymous_4)
FNDA:7,(anonymous_5)
DA:1,1
DA:4,1
DA:6,1
DA:8,1
DA:10,1
DA:11,6
DA:12,3
DA:14,3
DA:15,3
DA:16,3
DA:17,3
DA:20,1
DA:23,1
DA:26,1
DA:88,1
DA:89,7
DA:90,1
DA:92,6
LF:18
LH:18
BRDA:11,1,0,3
BRDA:11,1,1,3
BRDA:89,2,0,1
BRDA:89,2,1,6
BRF:4
BRH:4
end_of_record
