TN:
SF:/Users/mohayonao/webapp/SCScript/src/sc/lang/classlib/Collections/Array.js
FN:1,(anonymous_1)
FN:11,(anonymous_2)
FN:15,(anonymous_3)
FN:19,(anonymous_4)
FN:24,(anonymous_5)
FN:42,(anonymous_6)
FN:63,(anonymous_7)
FN:84,(anonymous_8)
FN:105,(anonymous_9)
FN:122,(anonymous_10)
FN:145,(anonymous_11)
FN:272,(anonymous_12)
FN:355,(anonymous_13)
FN:375,(anonymous_14)
FN:396,(anonymous_15)
FN:419,(anonymous_16)
FN:457,(anonymous_17)
FN:475,(anonymous_18)
FN:494,(anonymous_19)
FN:516,(anonymous_20)
FN:542,(anonymous_21)
FN:555,(anonymous_22)
FN:588,(anonymous_23)
FN:592,(anonymous_24)
FN:598,(anonymous_25)
FN:626,(anonymous_26)
FN:641,(anonymous_27)
FN:666,(anonymous_28)
FN:667,(anonymous_29)
FN:672,(anonymous_30)
FN:673,(anonymous_31)
FN:678,(anonymous_32)
FN:679,(anonymous_33)
FN:686,(anonymous_34)
FN:698,(anonymous_35)
FNF:35
FNH:35
FNDA:1,(anonymous_1)
FNDA:1,(anonymous_2)
FNDA:1,(anonymous_3)
FNDA:3,(anonymous_4)
FNDA:2,(anonymous_5)
FNDA:3,(anonymous_6)
FNDA:3,(anonymous_7)
FNDA:3,(anonymous_8)
FNDA:3,(anonymous_9)
FNDA:4,(anonymous_10)
FNDA:11,(anonymous_11)
FNDA:11,(anonymous_12)
FNDA:1,(anonymous_13)
FNDA:2,(anonymous_14)
FNDA:6,(anonymous_15)
FNDA:3,(anonymous_16)
FNDA:5,(anonymous_17)
FNDA:2,(anonymous_18)
FNDA:2,(anonymous_19)
FNDA:3,(anonymous_20)
FNDA:2,(anonymous_21)
FNDA:6,(anonymous_22)
FNDA:14,(anonymous_23)
FNDA:17,(anonymous_24)
FNDA:36,(anonymous_25)
FNDA:2,(anonymous_26)
FNDA:1,(anonymous_27)
FNDA:1,(anonymous_28)
FNDA:3,(anonymous_29)
FNDA:1,(anonymous_30)
FNDA:3,(anonymous_31)
FNDA:1,(anonymous_32)
FNDA:3,(anonymous_33)
FNDA:1,(anonymous_34)
FNDA:1,(anonymous_35)
DA:1,1
DA:4,1
DA:6,1
DA:7,1
DA:8,1
DA:9,1
DA:11,1
DA:12,1
DA:13,1
DA:15,1
DA:16,1
DA:19,1
DA:21,3
DA:24,1
DA:25,2
DA:28,2
DA:29,2
DA:30,2
DA:31,1
DA:32,10
DA:33,10
DA:34,10
DA:35,10
DA:39,2
DA:42,1
DA:43,3
DA:44,3
DA:47,3
DA:48,3
DA:49,2
DA:52,1
DA:53,1
DA:54,3
DA:56,1
DA:57,2
DA:60,1
DA:63,1
DA:64,3
DA:65,3
DA:68,3
DA:69,3
DA:70,2
DA:73,1
DA:74,1
DA:75,3
DA:77,1
DA:78,1
DA:81,1
DA:84,1
DA:85,3
DA:86,3
DA:89,3
DA:90,3
DA:91,1
DA:94,2
DA:95,2
DA:96,4
DA:98,2
DA:99,4
DA:102,2
DA:105,1
DA:106,3
DA:107,3
DA:108,3
DA:111,3
DA:112,3
DA:113,3
DA:114,4
DA:115,11
DA:119,3
DA:122,1
DA:123,4
DA:124,4
DA:125,4
DA:128,4
DA:129,4
DA:130,4
DA:131,4
DA:132,4
DA:133,1
DA:135,4
DA:136,9
DA:137,9
DA:138,3
DA:142,4
DA:145,1
DA:146,11
DA:147,11
DA:148,11
DA:150,11
DA:151,11
DA:153,11
DA:154,11
DA:156,11
DA:158,2
DA:159,2
DA:160,10
DA:161,30
DA:164,2
DA:166,1
DA:167,1
DA:168,5
DA:169,15
DA:172,1
DA:174,1
DA:175,1
DA:176,5
DA:177,15
DA:180,1
DA:182,1
DA:183,1
DA:184,5
DA:185,15
DA:188,1
DA:190,1
DA:191,1
DA:192,5
DA:193,15
DA:196,1
DA:197,4
DA:198,10
DA:201,1
DA:203,1
DA:204,1
DA:205,5
DA:206,15
DA:209,1
DA:210,4
DA:211,10
DA:214,1
DA:216,1
DA:217,1
DA:218,5
DA:219,15
DA:222,1
DA:223,4
DA:224,14
DA:227,1
DA:229,1
DA:230,1
DA:231,5
DA:232,15
DA:235,1
DA:236,4
DA:237,14
DA:240,1
DA:242,1
DA:243,1
DA:244,5
DA:245,15
DA:248,1
DA:249,4
DA:250,10
DA:253,1
DA:255,1
DA:256,1
DA:257,5
DA:258,15
DA:261,1
DA:262,4
DA:263,10
DA:266,1
DA:269,11
DA:272,1
DA:273,11
DA:274,11
DA:275,11
DA:276,11
DA:278,11
DA:279,11
DA:281,11
DA:283,2
DA:284,10
DA:286,2
DA:288,1
DA:289,5
DA:291,1
DA:293,1
DA:294,5
DA:296,1
DA:298,1
DA:299,5
DA:301,1
DA:303,1
DA:304,5
DA:306,1
DA:307,4
DA:309,1
DA:311,1
DA:312,5
DA:314,1
DA:315,4
DA:317,1
DA:319,1
DA:320,5
DA:322,1
DA:323,4
DA:325,1
DA:327,1
DA:328,5
DA:330,1
DA:331,4
DA:333,1
DA:335,1
DA:336,5
DA:338,1
DA:339,4
DA:341,1
DA:343,1
DA:344,5
DA:346,1
DA:347,4
DA:349,1
DA:352,11
DA:355,1
DA:356,1
DA:357,1
DA:358,1
DA:360,1
DA:361,1
DA:362,1
DA:363,1
DA:364,1
DA:365,1
DA:366,10
DA:367,10
DA:368,3
DA:372,1
DA:375,1
DA:376,2
DA:377,2
DA:378,2
DA:379,2
DA:381,2
DA:382,2
DA:384,2
DA:385,15
DA:386,15
DA:387,10
DA:389,5
DA:393,2
DA:396,1
DA:397,6
DA:398,6
DA:399,6
DA:400,6
DA:402,6
DA:403,6
DA:404,6
DA:405,6
DA:407,6
DA:408,12
DA:409,12
DA:411,12
DA:412,12
DA:413,12
DA:416,6
DA:419,1
DA:420,3
DA:421,3
DA:422,3
DA:423,3
DA:425,3
DA:427,3
DA:428,3
DA:429,3
DA:430,3
DA:431,6
DA:432,5
DA:435,3
DA:437,3
DA:439,3
DA:440,21
DA:441,21
DA:442,21
DA:443,42
DA:444,39
DA:445,39
DA:446,39
DA:448,3
DA:451,21
DA:454,3
DA:457,1
DA:458,5
DA:459,5
DA:460,5
DA:462,5
DA:463,5
DA:464,2
DA:465,2
DA:466,16
DA:469,3
DA:472,5
DA:475,1
DA:476,2
DA:477,2
DA:478,2
DA:480,2
DA:482,2
DA:483,1
DA:484,1
DA:485,10
DA:488,1
DA:491,2
DA:494,1
DA:495,2
DA:496,2
DA:497,2
DA:499,2
DA:501,2
DA:502,1
DA:503,1
DA:504,3
DA:506,1
DA:507,7
DA:510,1
DA:513,2
DA:516,1
DA:517,3
DA:518,3
DA:519,3
DA:520,3
DA:521,3
DA:522,3
DA:524,3
DA:525,3
DA:526,3
DA:527,3
DA:528,3
DA:529,3
DA:530,3
DA:531,3
DA:533,3
DA:534,11
DA:535,27
DA:539,3
DA:542,1
DA:543,2
DA:544,2
DA:546,2
DA:547,7
DA:548,1
DA:552,1
DA:555,1
DA:556,6
DA:557,6
DA:558,6
DA:559,6
DA:560,6
DA:561,6
DA:563,6
DA:564,6
DA:565,6
DA:566,6
DA:567,6
DA:568,5
DA:569,5
DA:570,10
DA:571,10
DA:572,22
DA:573,28
DA:576,10
DA:579,1
DA:582,6
DA:588,1
DA:589,14
DA:592,1
DA:593,17
DA:594,17
DA:595,17
DA:597,17
DA:598,17
DA:599,36
DA:602,17
DA:603,17
DA:605,17
DA:606,2
DA:608,15
DA:609,35
DA:610,35
DA:611,84
DA:612,62
DA:614,22
DA:617,35
DA:621,17
DA:626,1
DA:627,2
DA:628,2
DA:629,2
DA:631,2
DA:632,2
DA:634,2
DA:635,1
DA:638,1
DA:641,1
DA:642,1
DA:643,1
DA:644,1
DA:646,1
DA:647,1
DA:649,1
DA:650,1
DA:651,8
DA:652,8
DA:653,24
DA:654,24
DA:655,12
DA:658,8
DA:661,1
DA:666,1
DA:667,1
DA:668,3
DA:672,1
DA:673,1
DA:674,3
DA:678,1
DA:679,1
DA:680,3
DA:684,1
DA:686,1
DA:687,1
DA:698,1
DA:699,1
DA:700,1
DA:701,1
LF:425
LH:425
BRDA:30,1,0,1
BRDA:30,1,1,1
BRDA:48,2,0,2
BRDA:48,2,1,1
BRDA:69,3,0,2
BRDA:69,3,1,1
BRDA:90,4,0,1
BRDA:90,4,1,2
BRDA:132,5,0,1
BRDA:132,5,1,3
BRDA:137,6,0,3
BRDA:137,6,1,6
BRDA:156,7,0,2
BRDA:156,7,1,1
BRDA:156,7,2,1
BRDA:156,7,3,1
BRDA:156,7,4,1
BRDA:156,7,5,1
BRDA:156,7,6,1
BRDA:156,7,7,1
BRDA:156,7,8,1
BRDA:156,7,9,1
BRDA:281,8,0,2
BRDA:281,8,1,1
BRDA:281,8,2,1
BRDA:281,8,3,1
BRDA:281,8,4,1
BRDA:281,8,5,1
BRDA:281,8,6,1
BRDA:281,8,7,1
BRDA:281,8,8,1
BRDA:281,8,9,1
BRDA:365,9,0,11
BRDA:365,9,1,11
BRDA:367,10,0,3
BRDA:367,10,1,7
BRDA:386,11,0,10
BRDA:386,11,1,5
BRDA:431,12,0,5
BRDA:431,12,1,1
BRDA:443,13,0,39
BRDA:443,13,1,3
BRDA:463,14,0,2
BRDA:463,14,1,3
BRDA:482,15,0,1
BRDA:482,15,1,1
BRDA:501,16,0,1
BRDA:501,16,1,1
BRDA:547,17,0,1
BRDA:547,17,1,6
BRDA:567,18,0,5
BRDA:567,18,1,1
BRDA:599,19,0,26
BRDA:599,19,1,10
BRDA:605,20,0,2
BRDA:605,20,1,15
BRDA:611,21,0,62
BRDA:611,21,1,22
BRDA:634,22,0,1
BRDA:634,22,1,1
BRDA:654,23,0,12
BRDA:654,23,1,12
BRF:62
BRH:62
end_of_record
TN:
SF:/Users/mohayonao/webapp/SCScript/src/sc/lang/classlib/Collections/ArrayedCollection.js
FN:1,(anonymous_1)
FN:13,(anonymous_2)
FN:19,(anonymous_3)
FN:20,(anonymous_4)
FN:25,(anonymous_5)
FN:29,(anonymous_6)
FN:38,(anonymous_7)
FN:44,(anonymous_8)
FN:67,(anonymous_9)
FN:72,(anonymous_10)
FN:86,(anonymous_11)
FN:91,(anonymous_12)
FN:102,(anonymous_13)
FN:107,(anonymous_14)
FN:118,(anonymous_15)
FN:123,(anonymous_16)
FN:134,(anonymous_17)
FN:141,(anonymous_18)
FN:159,(anonymous_19)
FN:166,(anonymous_20)
FN:176,(anonymous_21)
FN:183,(anonymous_22)
FN:193,(anonymous_23)
FN:200,(anonymous_24)
FN:210,(anonymous_25)
FN:225,(anonymous_26)
FN:246,(anonymous_27)
FN:254,(anonymous_28)
FN:269,(anonymous_29)
FN:286,(anonymous_30)
FN:297,(anonymous_31)
FN:299,(anonymous_32)
FN:307,(anonymous_33)
FN:311,(anonymous_34)
FN:315,(anonymous_35)
FN:319,(anonymous_36)
FN:325,(anonymous_37)
FN:329,(anonymous_38)
FN:334,(anonymous_39)
FN:339,(anonymous_40)
FN:345,(anonymous_41)
FN:354,(anonymous_42)
FN:376,(anonymous_43)
FN:416,(anonymous_44)
FN:458,(anonymous_45)
FN:467,(anonymous_46)
FN:474,(anonymous_47)
FN:484,(anonymous_48)
FN:503,(anonymous_49)
FN:525,(anonymous_50)
FN:538,(anonymous_51)
FN:542,(anonymous_52)
FN:554,(anonymous_53)
FN:564,(anonymous_54)
FN:572,(anonymous_55)
FN:589,(anonymous_56)
FN:602,(anonymous_57)
FN:618,(anonymous_58)
FN:626,(anonymous_59)
FN:634,(anonymous_60)
FN:642,(anonymous_61)
FN:659,(anonymous_62)
FN:663,(anonymous_63)
FN:670,(anonymous_64)
FN:679,(anonymous_65)
FN:684,(anonymous_66)
FN:688,(anonymous_67)
FN:692,(anonymous_68)
FN:711,(anonymous_69)
FN:719,(anonymous_70)
FN:729,(anonymous_71)
FN:743,(anonymous_72)
FN:748,(anonymous_73)
FN:759,(anonymous_74)
FN:764,(anonymous_75)
FN:785,(anonymous_76)
FN:790,(anonymous_77)
FN:816,(anonymous_78)
FN:821,(anonymous_79)
FN:824,(anonymous_80)
FNF:80
FNH:80
FNDA:1,(anonymous_1)
FNDA:1,(anonymous_2)
FNDA:1066,(anonymous_3)
FNDA:4147,(anonymous_4)
FNDA:937,(anonymous_5)
FNDA:951,(anonymous_6)
FNDA:415,(anonymous_7)
FNDA:3,(anonymous_8)
FNDA:223,(anonymous_9)
FNDA:10,(anonymous_10)
FNDA:26,(anonymous_11)
FNDA:4,(anonymous_12)
FNDA:103,(anonymous_13)
FNDA:4,(anonymous_14)
FNDA:38,(anonymous_15)
FNDA:4,(anonymous_16)
FNDA:70,(anonymous_17)
FNDA:3,(anonymous_18)
FNDA:3,(anonymous_19)
FNDA:2,(anonymous_20)
FNDA:5,(anonymous_21)
FNDA:2,(anonymous_22)
FNDA:3,(anonymous_23)
FNDA:2,(anonymous_24)
FNDA:17,(anonymous_25)
FNDA:8,(anonymous_26)
FNDA:19,(anonymous_27)
FNDA:9,(anonymous_28)
FNDA:2,(anonymous_29)
FNDA:4,(anonymous_30)
FNDA:6,(anonymous_31)
FNDA:3,(anonymous_32)
FNDA:1,(anonymous_33)
FNDA:1,(anonymous_34)
FNDA:2,(anonymous_35)
FNDA:1,(anonymous_36)
FNDA:1,(anonymous_37)
FNDA:1,(anonymous_38)
FNDA:1,(anonymous_39)
FNDA:3,(anonymous_40)
FNDA:3,(anonymous_41)
FNDA:32,(anonymous_42)
FNDA:10,(anonymous_43)
FNDA:11,(anonymous_44)
FNDA:770,(anonymous_45)
FNDA:46,(anonymous_46)
FNDA:47,(anonymous_47)
FNDA:2,(anonymous_48)
FNDA:7,(anonymous_49)
FNDA:5,(anonymous_50)
FNDA:2,(anonymous_51)
FNDA:2,(anonymous_52)
FNDA:2,(anonymous_53)
FNDA:4,(anonymous_54)
FNDA:36,(anonymous_55)
FNDA:2,(anonymous_56)
FNDA:2,(anonymous_57)
FNDA:315,(anonymous_58)
FNDA:1,(anonymous_59)
FNDA:1,(anonymous_60)
FNDA:11,(anonymous_61)
FNDA:1,(anonymous_62)
FNDA:2,(anonymous_63)
FNDA:6,(anonymous_64)
FNDA:2,(anonymous_65)
FNDA:3,(anonymous_66)
FNDA:3,(anonymous_67)
FNDA:3,(anonymous_68)
FNDA:3,(anonymous_69)
FNDA:10,(anonymous_70)
FNDA:12,(anonymous_71)
FNDA:5,(anonymous_72)
FNDA:4,(anonymous_73)
FNDA:5,(anonymous_74)
FNDA:5,(anonymous_75)
FNDA:2,(anonymous_76)
FNDA:1,(anonymous_77)
FNDA:49,(anonymous_78)
FNDA:1,(anonymous_79)
FNDA:1,(anonymous_80)
DA:1,1
DA:4,1
DA:6,1
DA:7,1
DA:8,1
DA:9,1
DA:10,1
DA:11,1
DA:13,1
DA:14,1
DA:15,1
DA:16,1
DA:17,1
DA:19,1
DA:20,1066
DA:21,4147
DA:25,1
DA:26,937
DA:29,1
DA:30,951
DA:31,21
DA:38,1
DA:39,415
DA:44,1
DA:45,3
DA:46,3
DA:47,3
DA:48,3
DA:50,3
DA:52,2
DA:53,2
DA:54,2
DA:56,2
DA:57,1
DA:60,1
DA:61,1
DA:62,1
DA:64,1
DA:67,1
DA:68,223
DA:69,223
DA:71,223
DA:72,4
DA:73,10
DA:74,10
DA:75,1
DA:77,9
DA:81,219
DA:83,219
DA:86,1
DA:87,26
DA:88,26
DA:90,26
DA:91,1
DA:92,4
DA:93,4
DA:97,25
DA:99,25
DA:102,1
DA:103,103
DA:104,103
DA:106,103
DA:107,1
DA:108,4
DA:109,4
DA:113,102
DA:115,102
DA:118,1
DA:119,38
DA:120,38
DA:122,38
DA:123,1
DA:124,4
DA:125,4
DA:129,37
DA:131,37
DA:134,1
DA:135,70
DA:136,70
DA:138,70
DA:140,65
DA:141,2
DA:142,3
DA:143,3
DA:144,1
DA:146,2
DA:149,63
DA:150,63
DA:151,1
DA:153,62
DA:156,63
DA:159,1
DA:160,3
DA:161,3
DA:163,3
DA:165,2
DA:166,1
DA:167,2
DA:170,1
DA:173,2
DA:176,1
DA:177,5
DA:178,5
DA:180,5
DA:182,4
DA:183,1
DA:184,2
DA:187,3
DA:190,4
DA:193,1
DA:194,3
DA:195,3
DA:197,3
DA:199,2
DA:200,1
DA:201,2
DA:204,1
DA:207,2
DA:210,1
DA:211,17
DA:212,17
DA:213,17
DA:215,17
DA:217,15
DA:218,15
DA:219,1
DA:222,14
DA:225,1
DA:226,8
DA:227,8
DA:228,8
DA:230,8
DA:232,6
DA:233,6
DA:234,1
DA:237,5
DA:238,5
DA:239,5
DA:240,4
DA:243,5
DA:246,1
DA:247,19
DA:248,19
DA:250,19
DA:251,19
DA:254,1
DA:255,9
DA:256,9
DA:257,9
DA:259,9
DA:260,9
DA:261,29
DA:262,6
DA:266,3
DA:269,1
DA:270,2
DA:271,2
DA:272,2
DA:274,2
DA:275,2
DA:276,6
DA:277,4
DA:279,2
DA:283,1
DA:286,1
DA:287,4
DA:288,4
DA:289,4
DA:291,4
DA:293,3
DA:294,3
DA:295,3
DA:296,3
DA:297,3
DA:298,6
DA:300,3
DA:301,3
DA:304,3
DA:307,1
DA:308,1
DA:311,1
DA:312,1
DA:315,1
DA:316,2
DA:319,1
DA:320,1
DA:323,1
DA:325,1
DA:326,1
DA:329,1
DA:330,1
DA:331,1
DA:334,1
DA:335,1
DA:336,1
DA:339,1
DA:340,3
DA:341,3
DA:342,2
DA:345,1
DA:346,3
DA:347,3
DA:348,2
DA:351,1
DA:352,1
DA:354,1
DA:355,32
DA:356,32
DA:357,32
DA:359,32
DA:360,1
DA:362,31
DA:364,32
DA:365,2
DA:367,30
DA:369,32
DA:371,32
DA:372,32
DA:373,32
DA:376,1
DA:377,10
DA:378,10
DA:379,10
DA:380,10
DA:382,10
DA:383,10
DA:384,4
DA:386,6
DA:388,10
DA:389,4
DA:391,6
DA:393,10
DA:394,4
DA:396,6
DA:398,10
DA:399,10
DA:401,10
DA:402,8
DA:403,44
DA:405,2
DA:406,1
DA:407,2
DA:411,10
DA:412,10
DA:413,10
DA:416,1
DA:417,11
DA:418,11
DA:419,11
DA:420,11
DA:421,11
DA:423,11
DA:425,10
DA:426,4
DA:428,6
DA:430,10
DA:431,4
DA:433,6
DA:435,10
DA:436,4
DA:438,6
DA:440,10
DA:441,10
DA:443,10
DA:445,10
DA:446,8
DA:447,44
DA:449,2
DA:450,1
DA:451,2
DA:455,10
DA:458,1
DA:459,770
DA:461,770
DA:462,769
DA:464,769
DA:467,1
DA:468,46
DA:469,46
DA:471,46
DA:473,45
DA:474,25
DA:475,47
DA:478,20
DA:481,45
DA:484,1
DA:485,2
DA:486,2
DA:487,2
DA:489,2
DA:491,1
DA:492,1
DA:494,1
DA:495,1
DA:496,1
DA:497,3
DA:500,1
DA:503,1
DA:504,7
DA:506,7
DA:507,7
DA:509,7
DA:510,7
DA:511,7
DA:512,1
DA:513,6
DA:514,5
DA:515,24
DA:519,7
DA:520,7
DA:521,7
DA:525,1
DA:526,5
DA:527,5
DA:528,5
DA:530,5
DA:532,4
DA:533,4
DA:535,4
DA:538,1
DA:539,2
DA:542,1
DA:543,2
DA:544,2
DA:546,2
DA:547,2
DA:549,2
DA:550,2
DA:551,2
DA:554,1
DA:555,2
DA:557,2
DA:558,1
DA:561,1
DA:564,1
DA:565,4
DA:566,2
DA:568,2
DA:569,1
DA:572,1
DA:573,36
DA:575,36
DA:577,36
DA:578,36
DA:579,36
DA:580,33
DA:582,36
DA:589,1
DA:590,2
DA:591,2
DA:592,2
DA:594,2
DA:595,6
DA:596,5
DA:599,1
DA:602,1
DA:603,2
DA:604,2
DA:606,2
DA:608,1
DA:610,1
DA:611,1
DA:612,5
DA:615,1
DA:618,1
DA:619,315
DA:623,315
DA:626,1
DA:627,1
DA:631,1
DA:634,1
DA:635,1
DA:637,1
DA:639,1
DA:642,1
DA:643,11
DA:644,11
DA:647,11
DA:648,11
DA:649,11
DA:650,27
DA:651,27
DA:652,10
DA:656,1
DA:659,1
DA:660,1
DA:663,1
DA:664,2
DA:665,2
DA:666,2
DA:668,2
DA:669,2
DA:670,2
DA:671,6
DA:679,1
DA:680,2
DA:681,2
DA:684,1
DA:685,3
DA:688,1
DA:689,3
DA:692,1
DA:693,3
DA:694,3
DA:696,3
DA:698,3
DA:699,3
DA:700,6
DA:703,3
DA:704,3
DA:705,3
DA:708,3
DA:711,1
DA:712,3
DA:713,3
DA:714,3
DA:716,3
DA:717,3
DA:719,3
DA:720,10
DA:721,10
DA:722,10
DA:729,1
DA:730,12
DA:731,12
DA:733,12
DA:734,9
DA:735,5
DA:737,4
DA:738,3
DA:740,1
DA:743,3
DA:744,5
DA:748,1
DA:749,4
DA:750,4
DA:752,4
DA:753,3
DA:754,2
DA:756,1
DA:759,1
DA:760,5
DA:764,1
DA:765,5
DA:766,5
DA:768,5
DA:769,5
DA:770,1
DA:773,4
DA:774,4
DA:775,1
DA:777,3
DA:780,4
DA:781,3
DA:784,1
DA:785,1
DA:786,2
DA:790,1
DA:791,1
DA:792,1
DA:794,1
DA:796,1
DA:797,1
DA:798,2
DA:801,1
DA:802,1
DA:803,12
DA:806,1
DA:807,1
DA:816,1
DA:817,49
DA:821,1
DA:822,1
DA:823,1
DA:824,1
DA:825,1
LF:476
LH:476
BRDA:30,1,0,21
BRDA:30,1,1,930
BRDA:56,2,0,1
BRDA:56,2,1,1
BRDA:56,3,0,2
BRDA:56,3,1,2
BRDA:56,3,2,2
BRDA:56,3,3,2
BRDA:71,4,0,4
BRDA:71,4,1,219
BRDA:74,5,0,1
BRDA:74,5,1,9
BRDA:74,6,0,10
BRDA:74,6,1,10
BRDA:83,7,0,219
BRDA:83,7,1,5
BRDA:90,8,0,1
BRDA:90,8,1,25
BRDA:106,9,0,1
BRDA:106,9,1,102
BRDA:122,10,0,1
BRDA:122,10,1,37
BRDA:140,11,0,2
BRDA:140,11,1,63
BRDA:143,12,0,1
BRDA:143,12,1,2
BRDA:143,13,0,3
BRDA:143,13,1,3
BRDA:150,14,0,1
BRDA:150,14,1,62
BRDA:150,15,0,63
BRDA:150,15,1,63
BRDA:165,16,0,1
BRDA:165,16,1,1
BRDA:182,17,0,1
BRDA:182,17,1,3
BRDA:199,18,0,1
BRDA:199,18,1,1
BRDA:218,19,0,1
BRDA:218,19,1,14
BRDA:218,20,0,15
BRDA:218,20,1,15
BRDA:233,21,0,1
BRDA:233,21,1,5
BRDA:233,22,0,6
BRDA:233,22,1,6
BRDA:239,23,0,4
BRDA:239,23,1,1
BRDA:251,24,0,5
BRDA:251,24,1,14
BRDA:261,25,0,6
BRDA:261,25,1,23
BRDA:276,26,0,4
BRDA:276,26,1,2
BRDA:359,27,0,1
BRDA:359,27,1,31
BRDA:364,28,0,2
BRDA:364,28,1,30
BRDA:383,29,0,4
BRDA:383,29,1,6
BRDA:388,30,0,4
BRDA:388,30,1,6
BRDA:393,31,0,4
BRDA:393,31,1,6
BRDA:401,32,0,8
BRDA:401,32,1,2
BRDA:405,33,0,1
BRDA:405,33,1,1
BRDA:425,34,0,4
BRDA:425,34,1,6
BRDA:430,35,0,4
BRDA:430,35,1,6
BRDA:435,36,0,4
BRDA:435,36,1,6
BRDA:445,37,0,8
BRDA:445,37,1,2
BRDA:449,38,0,1
BRDA:449,38,1,1
BRDA:473,39,0,25
BRDA:473,39,1,20
BRDA:511,40,0,1
BRDA:511,40,1,6
BRDA:513,41,0,5
BRDA:513,41,1,1
BRDA:557,42,0,1
BRDA:557,42,1,1
BRDA:565,43,0,2
BRDA:565,43,1,2
BRDA:579,44,0,33
BRDA:579,44,1,3
BRDA:651,45,0,10
BRDA:651,45,1,17
BRDA:680,46,0,2
BRDA:680,46,1,1
BRDA:733,47,0,9
BRDA:733,47,1,3
BRDA:734,48,0,5
BRDA:734,48,1,4
BRDA:737,49,0,3
BRDA:737,49,1,1
BRDA:752,50,0,3
BRDA:752,50,1,1
BRDA:753,51,0,2
BRDA:753,51,1,1
BRDA:769,52,0,1
BRDA:769,52,1,4
BRDA:774,53,0,1
BRDA:774,53,1,3
BRDA:780,54,0,3
BRDA:780,54,1,1
BRF:110
BRH:110
end_of_record
TN:
SF:/Users/mohayonao/webapp/SCScript/src/sc/lang/classlib/Collections/SequenceableCollection.js
FN:1,(anonymous_1)
FN:9,(anonymous_2)
FN:15,(anonymous_3)
FN:19,(anonymous_4)
FN:23,(anonymous_5)
FN:27,(anonymous_6)
FN:41,(anonymous_7)
FN:56,(anonymous_8)
FN:77,(anonymous_9)
FN:96,(anonymous_10)
FN:110,(anonymous_11)
FN:114,(anonymous_12)
FN:119,(anonymous_13)
FN:129,(anonymous_14)
FN:141,(anonymous_15)
FN:156,(anonymous_16)
FN:169,(anonymous_17)
FN:182,(anonymous_18)
FN:186,(anonymous_19)
FN:190,(anonymous_20)
FN:194,(anonymous_21)
FN:204,(anonymous_22)
FN:208,(anonymous_23)
FN:217,(anonymous_24)
FN:240,(anonymous_25)
FN:256,(anonymous_26)
FN:258,(anonymous_27)
FN:263,(anonymous_28)
FN:284,(anonymous_29)
FN:311,(anonymous_30)
FN:318,(anonymous_31)
FN:331,(anonymous_32)
FN:341,(anonymous_33)
FN:346,(anonymous_34)
FN:356,(anonymous_35)
FN:361,(anonymous_36)
FN:373,(anonymous_37)
FN:383,(anonymous_38)
FN:395,(anonymous_39)
FN:405,(anonymous_40)
FN:415,(anonymous_41)
FN:425,(anonymous_42)
FN:435,(anonymous_43)
FN:445,(anonymous_44)
FN:449,(anonymous_45)
FN:459,(anonymous_46)
FN:469,(anonymous_47)
FN:482,(anonymous_48)
FN:497,(anonymous_49)
FN:501,(anonymous_50)
FN:508,(anonymous_51)
FN:512,(anonymous_52)
FN:526,(anonymous_53)
FN:532,(anonymous_54)
FN:547,(anonymous_55)
FN:553,(anonymous_56)
FN:566,(anonymous_57)
FN:572,(anonymous_58)
FN:586,(anonymous_59)
FN:593,(anonymous_60)
FN:608,(anonymous_61)
FN:610,(anonymous_62)
FN:615,(anonymous_63)
FN:620,(anonymous_64)
FN:629,(anonymous_65)
FN:640,(anonymous_66)
FN:644,(anonymous_67)
FN:645,(anonymous_68)
FN:655,(anonymous_69)
FN:660,(anonymous_70)
FN:664,(anonymous_71)
FN:675,(anonymous_72)
FN:680,(anonymous_73)
FN:692,(anonymous_74)
FN:696,(anonymous_75)
FN:698,(anonymous_76)
FN:702,(anonymous_77)
FN:711,(anonymous_78)
FN:715,(anonymous_79)
FN:722,(anonymous_80)
FN:723,(anonymous_81)
FN:756,(anonymous_82)
FN:757,(anonymous_83)
FN:762,(anonymous_84)
FN:766,(anonymous_85)
FN:770,(anonymous_86)
FN:774,(anonymous_87)
FN:778,(anonymous_88)
FN:782,(anonymous_89)
FN:786,(anonymous_90)
FN:790,(anonymous_91)
FN:794,(anonymous_92)
FN:798,(anonymous_93)
FN:802,(anonymous_94)
FN:806,(anonymous_95)
FN:810,(anonymous_96)
FN:814,(anonymous_97)
FN:818,(anonymous_98)
FN:822,(anonymous_99)
FN:826,(anonymous_100)
FN:830,(anonymous_101)
FN:834,(anonymous_102)
FN:838,(anonymous_103)
FN:842,(anonymous_104)
FN:846,(anonymous_105)
FN:850,(anonymous_106)
FN:854,(anonymous_107)
FN:858,(anonymous_108)
FN:862,(anonymous_109)
FN:866,(anonymous_110)
FN:870,(anonymous_111)
FN:874,(anonymous_112)
FN:878,(anonymous_113)
FN:882,(anonymous_114)
FN:886,(anonymous_115)
FN:890,(anonymous_116)
FN:894,(anonymous_117)
FN:898,(anonymous_118)
FN:902,(anonymous_119)
FN:906,(anonymous_120)
FN:910,(anonymous_121)
FN:914,(anonymous_122)
FN:918,(anonymous_123)
FN:922,(anonymous_124)
FN:926,(anonymous_125)
FN:930,(anonymous_126)
FN:934,(anonymous_127)
FN:938,(anonymous_128)
FN:942,(anonymous_129)
FN:946,(anonymous_130)
FN:950,(anonymous_131)
FN:954,(anonymous_132)
FN:958,(anonymous_133)
FN:962,(anonymous_134)
FN:966,(anonymous_135)
FN:970,(anonymous_136)
FN:974,(anonymous_137)
FN:978,(anonymous_138)
FN:982,(anonymous_139)
FN:986,(anonymous_140)
FN:990,(anonymous_141)
FN:994,(anonymous_142)
FN:998,(anonymous_143)
FN:1002,(anonymous_144)
FN:1006,(anonymous_145)
FN:1010,(anonymous_146)
FN:1014,(anonymous_147)
FN:1018,(anonymous_148)
FN:1022,(anonymous_149)
FN:1026,(anonymous_150)
FN:1030,(anonymous_151)
FN:1034,(anonymous_152)
FN:1038,(anonymous_153)
FN:1042,(anonymous_154)
FN:1046,(anonymous_155)
FN:1050,(anonymous_156)
FN:1054,(anonymous_157)
FN:1058,(anonymous_158)
FN:1062,(anonymous_159)
FN:1066,(anonymous_160)
FN:1070,(anonymous_161)
FN:1074,(anonymous_162)
FN:1078,(anonymous_163)
FN:1082,(anonymous_164)
FN:1086,(anonymous_165)
FN:1090,(anonymous_166)
FN:1094,(anonymous_167)
FN:1098,(anonymous_168)
FN:1102,(anonymous_169)
FN:1106,(anonymous_170)
FN:1110,(anonymous_171)
FN:1114,(anonymous_172)
FN:1118,(anonymous_173)
FN:1122,(anonymous_174)
FN:1126,(anonymous_175)
FN:1130,(anonymous_176)
FN:1134,(anonymous_177)
FN:1138,(anonymous_178)
FN:1142,(anonymous_179)
FN:1146,(anonymous_180)
FN:1150,(anonymous_181)
FN:1154,(anonymous_182)
FN:1158,(anonymous_183)
FN:1162,(anonymous_184)
FN:1166,(anonymous_185)
FN:1170,(anonymous_186)
FN:1174,(anonymous_187)
FN:1178,(anonymous_188)
FN:1182,(anonymous_189)
FN:1186,(anonymous_190)
FN:1190,(anonymous_191)
FN:1194,(anonymous_192)
FN:1198,(anonymous_193)
FN:1202,(anonymous_194)
FN:1206,(anonymous_195)
FN:1210,(anonymous_196)
FN:1214,(anonymous_197)
FN:1218,(anonymous_198)
FN:1219,(anonymous_199)
FN:1224,(anonymous_200)
FN:1229,(anonymous_201)
FN:1273,_performBinaryOpOnSeqColl_adverb_nil
FN:1291,_performBinaryOpOnSeqColl_adverb_int
FN:1307,(anonymous_204)
FN:1313,(anonymous_205)
FN:1322,_performBinaryOpOnSeqColl_adverb_t
FN:1338,_performBinaryOpOnSeqColl_adverb_x
FN:1343,(anonymous_208)
FN:1344,(anonymous_209)
FN:1352,_performBinaryOpOnSeqColl_adverb_s
FN:1368,_performBinaryOpOnSeqColl_adverb_f
FN:1384,(anonymous_212)
FN:1386,(anonymous_213)
FN:1391,(anonymous_214)
FN:1393,(anonymous_215)
FN:1398,(anonymous_216)
FN:1399,(anonymous_217)
FN:1407,(anonymous_218)
FN:1408,(anonymous_219)
FN:1413,(anonymous_220)
FN:1417,(anonymous_221)
FN:1422,(anonymous_222)
FN:1435,(anonymous_223)
FN:1441,(anonymous_224)
FN:1447,(anonymous_225)
FN:1453,(anonymous_226)
FN:1459,(anonymous_227)
FN:1465,(anonymous_228)
FN:1471,(anonymous_229)
FN:1477,(anonymous_230)
FN:1483,(anonymous_231)
FN:1489,(anonymous_232)
FN:1495,(anonymous_233)
FN:1501,(anonymous_234)
FN:1507,(anonymous_235)
FN:1513,(anonymous_236)
FN:1519,(anonymous_237)
FN:1525,(anonymous_238)
FN:1531,(anonymous_239)
FN:1537,(anonymous_240)
FN:1543,(anonymous_241)
FN:1549,(anonymous_242)
FN:1555,(anonymous_243)
FN:1561,(anonymous_244)
FN:1567,(anonymous_245)
FN:1573,(anonymous_246)
FN:1579,(anonymous_247)
FN:1585,(anonymous_248)
FN:1591,(anonymous_249)
FN:1597,(anonymous_250)
FN:1612,(anonymous_251)
FN:1636,(anonymous_252)
FN:1642,(anonymous_253)
FNF:253
FNH:253
FNDA:1,(anonymous_1)
FNDA:1,(anonymous_2)
FNDA:1,(anonymous_3)
FNDA:1,(anonymous_4)
FNDA:1,(anonymous_5)
FNDA:4,(anonymous_6)
FNDA:2,(anonymous_7)
FNDA:2,(anonymous_8)
FNDA:2,(anonymous_9)
FNDA:1,(anonymous_10)
FNDA:5,(anonymous_11)
FNDA:5,(anonymous_12)
FNDA:19,(anonymous_13)
FNDA:27,(anonymous_14)
FNDA:1,(anonymous_15)
FNDA:5,(anonymous_16)
FNDA:10,(anonymous_17)
FNDA:1,(anonymous_18)
FNDA:1,(anonymous_19)
FNDA:2,(anonymous_20)
FNDA:12,(anonymous_21)
FNDA:2,(anonymous_22)
FNDA:20,(anonymous_23)
FNDA:14,(anonymous_24)
FNDA:3,(anonymous_25)
FNDA:2,(anonymous_26)
FNDA:6,(anonymous_27)
FNDA:4,(anonymous_28)
FNDA:4,(anonymous_29)
FNDA:3,(anonymous_30)
FNDA:8,(anonymous_31)
FNDA:1,(anonymous_32)
FNDA:8,(anonymous_33)
FNDA:1,(anonymous_34)
FNDA:8,(anonymous_35)
FNDA:15,(anonymous_36)
FNDA:1,(anonymous_37)
FNDA:2,(anonymous_38)
FNDA:2,(anonymous_39)
FNDA:3,(anonymous_40)
FNDA:31,(anonymous_41)
FNDA:6,(anonymous_42)
FNDA:3,(anonymous_43)
FNDA:2,(anonymous_44)
FNDA:2,(anonymous_45)
FNDA:2,(anonymous_46)
FNDA:2,(anonymous_47)
FNDA:3,(anonymous_48)
FNDA:1,(anonymous_49)
FNDA:2,(anonymous_50)
FNDA:1,(anonymous_51)
FNDA:6,(anonymous_52)
FNDA:3,(anonymous_53)
FNDA:8,(anonymous_54)
FNDA:2,(anonymous_55)
FNDA:5,(anonymous_56)
FNDA:5,(anonymous_57)
FNDA:27,(anonymous_58)
FNDA:2,(anonymous_59)
FNDA:10,(anonymous_60)
FNDA:1,(anonymous_61)
FNDA:4,(anonymous_62)
FNDA:3,(anonymous_63)
FNDA:8,(anonymous_64)
FNDA:8,(anonymous_65)
FNDA:9,(anonymous_66)
FNDA:15,(anonymous_67)
FNDA:48,(anonymous_68)
FNDA:2,(anonymous_69)
FNDA:3,(anonymous_70)
FNDA:4,(anonymous_71)
FNDA:2,(anonymous_72)
FNDA:3,(anonymous_73)
FNDA:3,(anonymous_74)
FNDA:3,(anonymous_75)
FNDA:6,(anonymous_76)
FNDA:3,(anonymous_77)
FNDA:3,(anonymous_78)
FNDA:5,(anonymous_79)
FNDA:6,(anonymous_80)
FNDA:15,(anonymous_81)
FNDA:2,(anonymous_82)
FNDA:8,(anonymous_83)
FNDA:1,(anonymous_84)
FNDA:1,(anonymous_85)
FNDA:1,(anonymous_86)
FNDA:1,(anonymous_87)
FNDA:1,(anonymous_88)
FNDA:1,(anonymous_89)
FNDA:1,(anonymous_90)
FNDA:1,(anonymous_91)
FNDA:1,(anonymous_92)
FNDA:1,(anonymous_93)
FNDA:1,(anonymous_94)
FNDA:1,(anonymous_95)
FNDA:1,(anonymous_96)
FNDA:1,(anonymous_97)
FNDA:1,(anonymous_98)
FNDA:1,(anonymous_99)
FNDA:1,(anonymous_100)
FNDA:1,(anonymous_101)
FNDA:1,(anonymous_102)
FNDA:1,(anonymous_103)
FNDA:1,(anonymous_104)
FNDA:1,(anonymous_105)
FNDA:1,(anonymous_106)
FNDA:1,(anonymous_107)
FNDA:1,(anonymous_108)
FNDA:1,(anonymous_109)
FNDA:1,(anonymous_110)
FNDA:1,(anonymous_111)
FNDA:1,(anonymous_112)
FNDA:1,(anonymous_113)
FNDA:1,(anonymous_114)
FNDA:1,(anonymous_115)
FNDA:1,(anonymous_116)
FNDA:1,(anonymous_117)
FNDA:1,(anonymous_118)
FNDA:1,(anonymous_119)
FNDA:1,(anonymous_120)
FNDA:1,(anonymous_121)
FNDA:1,(anonymous_122)
FNDA:1,(anonymous_123)
FNDA:1,(anonymous_124)
FNDA:1,(anonymous_125)
FNDA:1,(anonymous_126)
FNDA:1,(anonymous_127)
FNDA:1,(anonymous_128)
FNDA:1,(anonymous_129)
FNDA:1,(anonymous_130)
FNDA:1,(anonymous_131)
FNDA:1,(anonymous_132)
FNDA:1,(anonymous_133)
FNDA:1,(anonymous_134)
FNDA:1,(anonymous_135)
FNDA:1,(anonymous_136)
FNDA:1,(anonymous_137)
FNDA:1,(anonymous_138)
FNDA:1,(anonymous_139)
FNDA:1,(anonymous_140)
FNDA:1,(anonymous_141)
FNDA:1,(anonymous_142)
FNDA:1,(anonymous_143)
FNDA:1,(anonymous_144)
FNDA:1,(anonymous_145)
FNDA:1,(anonymous_146)
FNDA:1,(anonymous_147)
FNDA:1,(anonymous_148)
FNDA:1,(anonymous_149)
FNDA:1,(anonymous_150)
FNDA:10,(anonymous_151)
FNDA:3,(anonymous_152)
FNDA:8,(anonymous_153)
FNDA:3,(anonymous_154)
FNDA:1,(anonymous_155)
FNDA:2,(anonymous_156)
FNDA:1,(anonymous_157)
FNDA:1,(anonymous_158)
FNDA:1,(anonymous_159)
FNDA:1,(anonymous_160)
FNDA:1,(anonymous_161)
FNDA:1,(anonymous_162)
FNDA:1,(anonymous_163)
FNDA:1,(anonymous_164)
FNDA:1,(anonymous_165)
FNDA:1,(anonymous_166)
FNDA:1,(anonymous_167)
FNDA:1,(anonymous_168)
FNDA:1,(anonymous_169)
FNDA:1,(anonymous_170)
FNDA:1,(anonymous_171)
FNDA:1,(anonymous_172)
FNDA:1,(anonymous_173)
FNDA:1,(anonymous_174)
FNDA:1,(anonymous_175)
FNDA:1,(anonymous_176)
FNDA:1,(anonymous_177)
FNDA:1,(anonymous_178)
FNDA:1,(anonymous_179)
FNDA:1,(anonymous_180)
FNDA:1,(anonymous_181)
FNDA:1,(anonymous_182)
FNDA:1,(anonymous_183)
FNDA:1,(anonymous_184)
FNDA:1,(anonymous_185)
FNDA:1,(anonymous_186)
FNDA:1,(anonymous_187)
FNDA:1,(anonymous_188)
FNDA:1,(anonymous_189)
FNDA:1,(anonymous_190)
FNDA:1,(anonymous_191)
FNDA:1,(anonymous_192)
FNDA:1,(anonymous_193)
FNDA:1,(anonymous_194)
FNDA:1,(anonymous_195)
FNDA:1,(anonymous_196)
FNDA:1,(anonymous_197)
FNDA:1,(anonymous_198)
FNDA:1,(anonymous_199)
FNDA:22,(anonymous_200)
FNDA:15,(anonymous_201)
FNDA:3,_performBinaryOpOnSeqColl_adverb_nil
FNDA:3,_performBinaryOpOnSeqColl_adverb_int
FNDA:5,(anonymous_204)
FNDA:5,(anonymous_205)
FNDA:1,_performBinaryOpOnSeqColl_adverb_t
FNDA:1,_performBinaryOpOnSeqColl_adverb_x
FNDA:5,(anonymous_208)
FNDA:25,(anonymous_209)
FNDA:3,_performBinaryOpOnSeqColl_adverb_s
FNDA:3,_performBinaryOpOnSeqColl_adverb_f
FNDA:16,(anonymous_212)
FNDA:66,(anonymous_213)
FNDA:1,(anonymous_214)
FNDA:1,(anonymous_215)
FNDA:1,(anonymous_216)
FNDA:1,(anonymous_217)
FNDA:1,(anonymous_218)
FNDA:3,(anonymous_219)
FNDA:3,(anonymous_220)
FNDA:3,(anonymous_221)
FNDA:2,(anonymous_222)
FNDA:1,(anonymous_223)
FNDA:1,(anonymous_224)
FNDA:1,(anonymous_225)
FNDA:1,(anonymous_226)
FNDA:1,(anonymous_227)
FNDA:1,(anonymous_228)
FNDA:1,(anonymous_229)
FNDA:1,(anonymous_230)
FNDA:1,(anonymous_231)
FNDA:1,(anonymous_232)
FNDA:1,(anonymous_233)
FNDA:1,(anonymous_234)
FNDA:1,(anonymous_235)
FNDA:1,(anonymous_236)
FNDA:1,(anonymous_237)
FNDA:1,(anonymous_238)
FNDA:1,(anonymous_239)
FNDA:1,(anonymous_240)
FNDA:1,(anonymous_241)
FNDA:1,(anonymous_242)
FNDA:1,(anonymous_243)
FNDA:1,(anonymous_244)
FNDA:1,(anonymous_245)
FNDA:1,(anonymous_246)
FNDA:1,(anonymous_247)
FNDA:1,(anonymous_248)
FNDA:1,(anonymous_249)
FNDA:1,(anonymous_250)
FNDA:1,(anonymous_251)
FNDA:1,(anonymous_252)
FNDA:1,(anonymous_253)
DA:1,1
DA:4,1
DA:6,1
DA:7,1
DA:9,1
DA:10,1
DA:11,1
DA:12,1
DA:13,1
DA:15,1
DA:16,1
DA:19,1
DA:20,1
DA:23,1
DA:24,1
DA:27,1
DA:28,4
DA:29,4
DA:30,4
DA:31,4
DA:33,4
DA:34,4
DA:35,18
DA:38,4
DA:41,1
DA:42,2
DA:43,2
DA:44,2
DA:45,2
DA:47,2
DA:48,2
DA:49,11
DA:50,11
DA:53,2
DA:56,1
DA:57,2
DA:58,2
DA:59,2
DA:60,2
DA:62,2
DA:63,2
DA:64,16
DA:65,16
DA:66,16
DA:67,16
DA:70,2
DA:77,1
DA:78,2
DA:79,2
DA:80,2
DA:81,2
DA:83,2
DA:84,2
DA:85,1
DA:88,1
DA:89,1
DA:90,5
DA:93,1
DA:96,1
DA:97,1
DA:98,1
DA:100,1
DA:101,1
DA:103,1
DA:108,1
DA:110,1
DA:111,5
DA:114,1
DA:115,5
DA:116,5
DA:119,1
DA:120,19
DA:121,19
DA:123,19
DA:124,1
DA:126,18
DA:127,3
DA:129,15
DA:130,27
DA:131,5
DA:132,5
DA:136,15
DA:141,1
DA:142,1
DA:143,1
DA:144,1
DA:146,1
DA:147,1
DA:148,1
DA:149,1
DA:150,3
DA:153,1
DA:156,1
DA:157,5
DA:158,5
DA:160,5
DA:161,5
DA:162,4
DA:164,1
DA:166,1
DA:169,1
DA:170,10
DA:171,10
DA:173,10
DA:174,10
DA:175,10
DA:176,8
DA:179,2
DA:182,1
DA:183,1
DA:186,1
DA:187,1
DA:190,1
DA:191,2
DA:192,2
DA:194,2
DA:195,12
DA:196,1
DA:197,1
DA:201,2
DA:204,1
DA:205,2
DA:206,2
DA:208,2
DA:209,20
DA:210,2
DA:214,2
DA:217,1
DA:218,14
DA:219,14
DA:220,14
DA:221,14
DA:223,14
DA:224,14
DA:226,14
DA:227,14
DA:228,14
DA:229,35
DA:230,35
DA:231,10
DA:232,7
DA:237,7
DA:240,1
DA:241,3
DA:242,3
DA:243,3
DA:245,3
DA:246,3
DA:248,3
DA:249,3
DA:250,3
DA:253,3
DA:256,1
DA:257,2
DA:258,2
DA:259,6
DA:263,1
DA:264,4
DA:265,4
DA:267,4
DA:268,4
DA:269,1
DA:271,3
DA:272,1
DA:275,2
DA:277,2
DA:278,1
DA:281,1
DA:284,1
DA:285,4
DA:286,4
DA:288,4
DA:289,1
DA:291,3
DA:293,3
DA:294,1
DA:296,2
DA:297,1
DA:300,1
DA:301,1
DA:302,1
DA:308,1
DA:311,1
DA:312,3
DA:313,3
DA:315,3
DA:316,1
DA:318,2
DA:319,8
DA:320,8
DA:321,1
DA:322,7
DA:323,4
DA:324,4
DA:328,2
DA:331,1
DA:332,1
DA:333,1
DA:335,1
DA:341,1
DA:342,8
DA:346,1
DA:347,1
DA:348,1
DA:350,1
DA:356,1
DA:357,8
DA:361,1
DA:362,15
DA:363,15
DA:365,15
DA:366,15
DA:367,12
DA:370,3
DA:373,1
DA:374,1
DA:375,1
DA:377,1
DA:378,1
DA:380,1
DA:383,1
DA:384,2
DA:385,2
DA:387,2
DA:388,2
DA:389,1
DA:392,1
DA:395,1
DA:396,2
DA:398,2
DA:399,1
DA:402,1
DA:405,1
DA:406,3
DA:408,3
DA:409,2
DA:412,1
DA:415,1
DA:416,31
DA:418,31
DA:419,30
DA:422,1
DA:425,1
DA:426,6
DA:428,6
DA:429,4
DA:432,2
DA:435,1
DA:436,3
DA:438,3
DA:439,2
DA:442,1
DA:445,1
DA:446,2
DA:449,1
DA:450,2
DA:452,2
DA:453,1
DA:456,1
DA:459,1
DA:460,2
DA:462,2
DA:463,1
DA:466,1
DA:469,1
DA:470,2
DA:471,2
DA:472,2
DA:474,2
DA:475,2
DA:476,1
DA:479,2
DA:482,1
DA:483,3
DA:484,3
DA:485,3
DA:486,3
DA:488,3
DA:489,2
DA:491,1
DA:494,3
DA:497,1
DA:498,1
DA:499,1
DA:501,1
DA:502,2
DA:505,1
DA:508,1
DA:509,1
DA:512,1
DA:513,6
DA:514,6
DA:515,6
DA:517,6
DA:518,6
DA:519,19
DA:520,19
DA:523,6
DA:526,1
DA:527,3
DA:528,3
DA:530,3
DA:531,3
DA:532,3
DA:533,8
DA:534,8
DA:535,2
DA:536,2
DA:539,3
DA:540,2
DA:542,3
DA:544,3
DA:547,1
DA:548,2
DA:549,2
DA:551,2
DA:552,2
DA:553,2
DA:554,5
DA:555,1
DA:556,1
DA:558,4
DA:561,2
DA:563,2
DA:566,1
DA:567,5
DA:568,5
DA:570,5
DA:571,5
DA:572,5
DA:573,27
DA:574,27
DA:575,9
DA:576,9
DA:579,5
DA:580,1
DA:583,5
DA:586,1
DA:587,2
DA:588,2
DA:590,2
DA:591,2
DA:592,2
DA:593,2
DA:594,10
DA:595,10
DA:596,5
DA:597,5
DA:598,5
DA:601,2
DA:602,1
DA:605,2
DA:608,1
DA:609,1
DA:610,1
DA:611,4
DA:615,1
DA:616,3
DA:617,3
DA:620,1
DA:621,8
DA:623,8
DA:624,4
DA:626,4
DA:628,4
DA:629,4
DA:630,8
DA:631,5
DA:633,3
DA:637,4
DA:640,1
DA:641,9
DA:644,1
DA:645,15
DA:646,48
DA:647,6
DA:649,42
DA:652,15
DA:655,1
DA:656,2
DA:657,2
DA:660,1
DA:661,3
DA:663,3
DA:664,3
DA:665,4
DA:666,1
DA:668,3
DA:672,3
DA:675,1
DA:676,2
DA:678,2
DA:679,2
DA:680,2
DA:681,3
DA:682,3
DA:683,2
DA:685,1
DA:687,3
DA:688,2
DA:692,2
DA:693,3
DA:696,2
DA:697,3
DA:698,2
DA:699,6
DA:702,1
DA:703,3
DA:708,2
DA:711,1
DA:712,3
DA:713,3
DA:715,3
DA:716,5
DA:717,4
DA:719,1
DA:722,3
DA:723,6
DA:724,15
DA:725,12
DA:727,3
DA:754,1
DA:756,1
DA:757,2
DA:758,8
DA:762,1
DA:763,1
DA:766,1
DA:767,1
DA:770,1
DA:771,1
DA:774,1
DA:775,1
DA:778,1
DA:779,1
DA:782,1
DA:783,1
DA:786,1
DA:787,1
DA:790,1
DA:791,1
DA:794,1
DA:795,1
DA:798,1
DA:799,1
DA:802,1
DA:803,1
DA:806,1
DA:807,1
DA:810,1
DA:811,1
DA:814,1
DA:815,1
DA:818,1
DA:819,1
DA:822,1
DA:823,1
DA:826,1
DA:827,1
DA:830,1
DA:831,1
DA:834,1
DA:835,1
DA:838,1
DA:839,1
DA:842,1
DA:843,1
DA:846,1
DA:847,1
DA:850,1
DA:851,1
DA:854,1
DA:855,1
DA:858,1
DA:859,1
DA:862,1
DA:863,1
DA:866,1
DA:867,1
DA:870,1
DA:871,1
DA:874,1
DA:875,1
DA:878,1
DA:879,1
DA:882,1
DA:883,1
DA:886,1
DA:887,1
DA:890,1
DA:891,1
DA:894,1
DA:895,1
DA:898,1
DA:899,1
DA:902,1
DA:903,1
DA:906,1
DA:907,1
DA:910,1
DA:911,1
DA:914,1
DA:915,1
DA:918,1
DA:919,1
DA:922,1
DA:923,1
DA:926,1
DA:927,1
DA:930,1
DA:931,1
DA:934,1
DA:935,1
DA:938,1
DA:939,1
DA:942,1
DA:943,1
DA:946,1
DA:947,1
DA:950,1
DA:951,1
DA:954,1
DA:955,1
DA:958,1
DA:959,1
DA:962,1
DA:963,1
DA:966,1
DA:967,1
DA:970,1
DA:971,1
DA:974,1
DA:975,1
DA:978,1
DA:979,1
DA:982,1
DA:983,1
DA:986,1
DA:987,1
DA:990,1
DA:991,1
DA:994,1
DA:995,1
DA:998,1
DA:999,1
DA:1002,1
DA:1003,1
DA:1006,1
DA:1007,1
DA:1010,1
DA:1011,1
DA:1014,1
DA:1015,1
DA:1018,1
DA:1019,1
DA:1022,1
DA:1023,1
DA:1026,1
DA:1027,1
DA:1030,1
DA:1031,10
DA:1034,1
DA:1035,3
DA:1038,1
DA:1039,8
DA:1042,1
DA:1043,3
DA:1046,1
DA:1047,1
DA:1050,1
DA:1051,2
DA:1054,1
DA:1055,1
DA:1058,1
DA:1059,1
DA:1062,1
DA:1063,1
DA:1066,1
DA:1067,1
DA:1070,1
DA:1071,1
DA:1074,1
DA:1075,1
DA:1078,1
DA:1079,1
DA:1082,1
DA:1083,1
DA:1086,1
DA:1087,1
DA:1090,1
DA:1091,1
DA:1094,1
DA:1095,1
DA:1098,1
DA:1099,1
DA:1102,1
DA:1103,1
DA:1106,1
DA:1107,1
DA:1110,1
DA:1111,1
DA:1114,1
DA:1115,1
DA:1118,1
DA:1119,1
DA:1122,1
DA:1123,1
DA:1126,1
DA:1127,1
DA:1130,1
DA:1131,1
DA:1134,1
DA:1135,1
DA:1138,1
DA:1139,1
DA:1142,1
DA:1143,1
DA:1146,1
DA:1147,1
DA:1150,1
DA:1151,1
DA:1154,1
DA:1155,1
DA:1158,1
DA:1159,1
DA:1162,1
DA:1163,1
DA:1166,1
DA:1167,1
DA:1170,1
DA:1171,1
DA:1174,1
DA:1175,1
DA:1178,1
DA:1179,1
DA:1182,1
DA:1183,1
DA:1186,1
DA:1187,1
DA:1190,1
DA:1191,1
DA:1194,1
DA:1195,1
DA:1198,1
DA:1199,1
DA:1202,1
DA:1203,1
DA:1206,1
DA:1207,1
DA:1210,1
DA:1211,1
DA:1214,1
DA:1215,1
DA:1218,1
DA:1219,1
DA:1220,1
DA:1224,1
DA:1225,22
DA:1226,22
DA:1229,1
DA:1230,15
DA:1231,15
DA:1232,15
DA:1233,15
DA:1235,15
DA:1236,3
DA:1240,12
DA:1241,3
DA:1246,9
DA:1247,9
DA:1248,1
DA:1252,8
DA:1253,1
DA:1257,7
DA:1258,3
DA:1262,4
DA:1263,3
DA:1268,1
DA:1273,1
DA:1274,3
DA:1275,3
DA:1277,3
DA:1278,3
DA:1280,3
DA:1281,3
DA:1282,15
DA:1283,15
DA:1288,3
DA:1291,1
DA:1292,3
DA:1293,3
DA:1295,3
DA:1296,1
DA:1297,1
DA:1299,1
DA:1300,1
DA:1301,5
DA:1302,5
DA:1305,2
DA:1307,1
DA:1308,5
DA:1313,1
DA:1314,5
DA:1319,3
DA:1322,1
DA:1323,1
DA:1324,1
DA:1326,1
DA:1327,1
DA:1329,1
DA:1330,1
DA:1331,5
DA:1332,5
DA:1335,1
DA:1338,1
DA:1339,1
DA:1341,1
DA:1342,1
DA:1343,1
DA:1344,5
DA:1345,25
DA:1349,1
DA:1352,1
DA:1353,3
DA:1354,3
DA:1356,3
DA:1357,3
DA:1359,3
DA:1360,3
DA:1361,11
DA:1362,11
DA:1365,3
DA:1368,1
DA:1369,3
DA:1370,3
DA:1372,3
DA:1373,3
DA:1375,3
DA:1376,3
DA:1377,15
DA:1378,15
DA:1381,3
DA:1384,1
DA:1385,16
DA:1386,16
DA:1387,66
DA:1391,1
DA:1392,1
DA:1393,1
DA:1394,1
DA:1398,1
DA:1399,1
DA:1400,1
DA:1407,1
DA:1408,1
DA:1409,3
DA:1413,1
DA:1414,3
DA:1415,1
DA:1417,2
DA:1418,3
DA:1422,1
DA:1423,2
DA:1425,2
DA:1426,1
DA:1427,1
DA:1430,1
DA:1433,1
DA:1435,1
DA:1436,1
DA:1441,1
DA:1442,1
DA:1447,1
DA:1448,1
DA:1453,1
DA:1454,1
DA:1459,1
DA:1460,1
DA:1465,1
DA:1466,1
DA:1471,1
DA:1472,1
DA:1477,1
DA:1478,1
DA:1483,1
DA:1484,1
DA:1489,1
DA:1490,1
DA:1495,1
DA:1496,1
DA:1501,1
DA:1502,1
DA:1507,1
DA:1508,1
DA:1513,1
DA:1514,1
DA:1519,1
DA:1520,1
DA:1525,1
DA:1526,1
DA:1531,1
DA:1532,1
DA:1537,1
DA:1538,1
DA:1543,1
DA:1544,1
DA:1549,1
DA:1550,1
DA:1555,1
DA:1556,1
DA:1561,1
DA:1562,1
DA:1567,1
DA:1568,1
DA:1573,1
DA:1574,1
DA:1579,1
DA:1580,1
DA:1585,1
DA:1586,1
DA:1591,1
DA:1592,1
DA:1597,1
DA:1598,1
DA:1612,1
DA:1613,1
DA:1614,1
DA:1615,1
DA:1617,1
DA:1618,1
DA:1619,1
DA:1621,1
DA:1636,1
DA:1637,1
DA:1638,1
DA:1639,1
DA:1642,1
DA:1643,1
DA:1644,1
DA:1645,1
DA:1646,1
LF:841
LH:841
BRDA:84,1,0,1
BRDA:84,1,1,1
BRDA:123,2,0,1
BRDA:123,2,1,18
BRDA:126,3,0,3
BRDA:126,3,1,15
BRDA:130,4,0,5
BRDA:130,4,1,22
BRDA:136,5,0,15
BRDA:136,5,1,10
BRDA:161,6,0,4
BRDA:161,6,1,1
BRDA:175,7,0,8
BRDA:175,7,1,2
BRDA:195,8,0,1
BRDA:195,8,1,11
BRDA:201,9,0,2
BRDA:201,9,1,1
BRDA:209,10,0,2
BRDA:209,10,1,18
BRDA:214,11,0,1
BRDA:214,11,1,1
BRDA:230,12,0,10
BRDA:230,12,1,25
BRDA:231,13,0,7
BRDA:231,13,1,3
BRDA:268,14,0,1
BRDA:268,14,1,3
BRDA:271,15,0,1
BRDA:271,15,1,2
BRDA:277,16,0,1
BRDA:277,16,1,1
BRDA:288,17,0,1
BRDA:288,17,1,3
BRDA:293,18,0,1
BRDA:293,18,1,2
BRDA:296,19,0,1
BRDA:296,19,1,1
BRDA:315,20,0,1
BRDA:315,20,1,2
BRDA:320,21,0,1
BRDA:320,21,1,7
BRDA:322,22,0,4
BRDA:322,22,1,3
BRDA:328,23,0,2
BRDA:328,23,1,1
BRDA:366,24,0,12
BRDA:366,24,1,3
BRDA:388,25,0,1
BRDA:388,25,1,1
BRDA:398,26,0,1
BRDA:398,26,1,1
BRDA:408,27,0,2
BRDA:408,27,1,1
BRDA:418,28,0,30
BRDA:418,28,1,1
BRDA:428,29,0,4
BRDA:428,29,1,2
BRDA:438,30,0,2
BRDA:438,30,1,1
BRDA:452,31,0,1
BRDA:452,31,1,1
BRDA:462,32,0,1
BRDA:462,32,1,1
BRDA:475,33,0,1
BRDA:475,33,1,1
BRDA:488,34,0,2
BRDA:488,34,1,1
BRDA:534,35,0,2
BRDA:534,35,1,6
BRDA:539,36,0,2
BRDA:539,36,1,1
BRDA:554,37,0,1
BRDA:554,37,1,4
BRDA:574,38,0,9
BRDA:574,38,1,18
BRDA:579,39,0,1
BRDA:579,39,1,4
BRDA:595,40,0,5
BRDA:595,40,1,5
BRDA:601,41,0,1
BRDA:601,41,1,1
BRDA:623,42,0,4
BRDA:623,42,1,4
BRDA:630,43,0,5
BRDA:630,43,1,3
BRDA:646,44,0,6
BRDA:646,44,1,42
BRDA:665,45,0,1
BRDA:665,45,1,3
BRDA:665,46,0,4
BRDA:665,46,1,3
BRDA:682,47,0,2
BRDA:682,47,1,1
BRDA:687,48,0,2
BRDA:687,48,1,1
BRDA:697,49,0,2
BRDA:697,49,1,1
BRDA:716,50,0,4
BRDA:716,50,1,1
BRDA:724,51,0,12
BRDA:724,51,1,3
BRDA:1235,52,0,3
BRDA:1235,52,1,12
BRDA:1240,53,0,3
BRDA:1240,53,1,9
BRDA:1247,54,0,1
BRDA:1247,54,1,8
BRDA:1252,55,0,1
BRDA:1252,55,1,7
BRDA:1257,56,0,3
BRDA:1257,56,1,4
BRDA:1262,57,0,3
BRDA:1262,57,1,1
BRDA:1295,58,0,1
BRDA:1295,58,1,2
BRDA:1305,59,0,1
BRDA:1305,59,1,1
BRDA:1414,60,0,1
BRDA:1414,60,1,2
BRDA:1425,61,0,1
BRDA:1425,61,1,1
BRF:122
BRH:122
end_of_record
TN:
SF:/Users/mohayonao/webapp/SCScript/src/sc/lang/classlib/Collections/Collection.js
FN:1,(anonymous_1)
FN:9,(anonymous_2)
FN:16,(anonymous_3)
FN:21,(anonymous_4)
FN:28,(anonymous_5)
FN:37,(anonymous_6)
FN:57,(anonymous_7)
FN:82,(anonymous_8)
FN:114,(anonymous_9)
FN:123,(anonymous_10)
FN:128,(anonymous_11)
FN:136,(anonymous_12)
FN:142,(anonymous_13)
FN:146,(anonymous_14)
FN:155,(anonymous_15)
FN:167,(anonymous_16)
FN:171,(anonymous_17)
FN:177,(anonymous_18)
FN:180,(anonymous_19)
FN:187,(anonymous_20)
FN:188,(anonymous_21)
FN:193,(anonymous_22)
FN:197,(anonymous_23)
FN:204,(anonymous_24)
FN:208,(anonymous_25)
FN:212,(anonymous_26)
FN:219,(anonymous_27)
FN:223,(anonymous_28)
FN:227,(anonymous_29)
FN:234,(anonymous_30)
FN:235,(anonymous_31)
FN:241,(anonymous_32)
FN:246,(anonymous_33)
FN:256,(anonymous_34)
FN:259,(anonymous_35)
FN:264,(anonymous_36)
FN:281,(anonymous_37)
FN:285,(anonymous_38)
FN:295,(anonymous_39)
FN:299,(anonymous_40)
FN:309,(anonymous_41)
FN:313,(anonymous_42)
FN:323,(anonymous_43)
FN:327,(anonymous_44)
FN:337,(anonymous_45)
FN:341,(anonymous_46)
FN:345,(anonymous_47)
FN:349,(anonymous_48)
FN:353,(anonymous_49)
FN:359,(anonymous_50)
FN:366,(anonymous_51)
FN:372,(anonymous_52)
FN:381,(anonymous_53)
FN:387,(anonymous_54)
FN:396,(anonymous_55)
FN:400,(anonymous_56)
FN:410,(anonymous_57)
FN:414,(anonymous_58)
FN:423,(anonymous_59)
FN:426,(anonymous_60)
FN:432,(anonymous_61)
FN:435,(anonymous_62)
FN:440,(anonymous_63)
FN:443,(anonymous_64)
FN:448,(anonymous_65)
FN:451,(anonymous_66)
FN:456,(anonymous_67)
FN:459,(anonymous_68)
FN:464,(anonymous_69)
FN:467,(anonymous_70)
FN:472,(anonymous_71)
FN:476,(anonymous_72)
FN:487,(anonymous_73)
FN:491,(anonymous_74)
FN:502,(anonymous_75)
FN:508,(anonymous_76)
FN:515,(anonymous_77)
FN:522,(anonymous_78)
FN:530,(anonymous_79)
FN:534,(anonymous_80)
FN:543,(anonymous_81)
FN:547,(anonymous_82)
FN:556,(anonymous_83)
FN:560,(anonymous_84)
FN:570,(anonymous_85)
FN:574,(anonymous_86)
FN:584,(anonymous_87)
FN:590,(anonymous_88)
FN:594,(anonymous_89)
FN:602,(anonymous_90)
FN:606,(anonymous_91)
FN:612,(anonymous_92)
FN:616,(anonymous_93)
FN:624,(anonymous_94)
FN:628,(anonymous_95)
FN:638,(anonymous_96)
FN:645,(anonymous_97)
FN:653,(anonymous_98)
FN:671,(anonymous_99)
FN:678,(anonymous_100)
FN:686,(anonymous_101)
FN:704,(anonymous_102)
FN:711,(anonymous_103)
FN:721,(anonymous_104)
FN:739,(anonymous_105)
FN:746,(anonymous_106)
FN:756,(anonymous_107)
FN:774,(anonymous_108)
FN:780,(anonymous_109)
FN:797,(anonymous_110)
FN:803,(anonymous_111)
FN:820,(anonymous_112)
FN:829,(anonymous_113)
FN:844,(anonymous_114)
FN:849,(anonymous_115)
FN:858,(anonymous_116)
FN:866,(anonymous_117)
FN:876,(anonymous_118)
FN:881,(anonymous_119)
FN:889,(anonymous_120)
FN:900,(anonymous_121)
FN:905,(anonymous_122)
FN:921,(anonymous_123)
FN:926,(anonymous_124)
FN:935,(anonymous_125)
FN:940,(anonymous_126)
FN:949,(anonymous_127)
FN:953,(anonymous_128)
FN:958,(anonymous_129)
FN:963,(anonymous_130)
FN:972,(anonymous_131)
FN:977,(anonymous_132)
FN:981,(anonymous_133)
FN:985,(anonymous_134)
FN:989,(anonymous_135)
FN:993,(anonymous_136)
FNF:136
FNH:136
FNDA:1,(anonymous_1)
FNDA:1,(anonymous_2)
FNDA:1,(anonymous_3)
FNDA:5,(anonymous_4)
FNDA:1,(anonymous_5)
FNDA:11,(anonymous_6)
FNDA:1,(anonymous_7)
FNDA:1,(anonymous_8)
FNDA:12,(anonymous_9)
FNDA:27,(anonymous_10)
FNDA:9,(anonymous_11)
FNDA:3,(anonymous_12)
FNDA:1,(anonymous_13)
FNDA:4,(anonymous_14)
FNDA:5,(anonymous_15)
FNDA:176,(anonymous_16)
FNDA:1,(anonymous_17)
FNDA:2,(anonymous_18)
FNDA:3,(anonymous_19)
FNDA:19,(anonymous_20)
FNDA:56,(anonymous_21)
FNDA:9,(anonymous_22)
FNDA:5,(anonymous_23)
FNDA:1,(anonymous_24)
FNDA:1,(anonymous_25)
FNDA:3,(anonymous_26)
FNDA:1,(anonymous_27)
FNDA:2,(anonymous_28)
FNDA:6,(anonymous_29)
FNDA:1,(anonymous_30)
FNDA:5,(anonymous_31)
FNDA:2,(anonymous_32)
FNDA:10,(anonymous_33)
FNDA:1,(anonymous_34)
FNDA:3,(anonymous_35)
FNDA:1,(anonymous_36)
FNDA:3,(anonymous_37)
FNDA:12,(anonymous_38)
FNDA:3,(anonymous_39)
FNDA:9,(anonymous_40)
FNDA:3,(anonymous_41)
FNDA:3,(anonymous_42)
FNDA:5,(anonymous_43)
FNDA:15,(anonymous_44)
FNDA:1,(anonymous_45)
FNDA:96,(anonymous_46)
FNDA:2,(anonymous_47)
FNDA:2,(anonymous_48)
FNDA:96,(anonymous_49)
FNDA:292,(anonymous_50)
FNDA:2,(anonymous_51)
FNDA:8,(anonymous_52)
FNDA:2,(anonymous_53)
FNDA:8,(anonymous_54)
FNDA:3,(anonymous_55)
FNDA:10,(anonymous_56)
FNDA:5,(anonymous_57)
FNDA:16,(anonymous_58)
FNDA:1,(anonymous_59)
FNDA:3,(anonymous_60)
FNDA:1,(anonymous_61)
FNDA:3,(anonymous_62)
FNDA:1,(anonymous_63)
FNDA:3,(anonymous_64)
FNDA:1,(anonymous_65)
FNDA:3,(anonymous_66)
FNDA:1,(anonymous_67)
FNDA:3,(anonymous_68)
FNDA:1,(anonymous_69)
FNDA:3,(anonymous_70)
FNDA:2,(anonymous_71)
FNDA:4,(anonymous_72)
FNDA:2,(anonymous_73)
FNDA:4,(anonymous_74)
FNDA:1,(anonymous_75)
FNDA:5,(anonymous_76)
FNDA:1,(anonymous_77)
FNDA:5,(anonymous_78)
FNDA:1,(anonymous_79)
FNDA:5,(anonymous_80)
FNDA:2,(anonymous_81)
FNDA:14,(anonymous_82)
FNDA:4,(anonymous_83)
FNDA:15,(anonymous_84)
FNDA:2,(anonymous_85)
FNDA:6,(anonymous_86)
FNDA:23,(anonymous_87)
FNDA:14,(anonymous_88)
FNDA:61,(anonymous_89)
FNDA:1,(anonymous_90)
FNDA:2,(anonymous_91)
FNDA:5,(anonymous_92)
FNDA:5,(anonymous_93)
FNDA:2,(anonymous_94)
FNDA:10,(anonymous_95)
FNDA:5,(anonymous_96)
FNDA:21,(anonymous_97)
FNDA:10,(anonymous_98)
FNDA:7,(anonymous_99)
FNDA:24,(anonymous_100)
FNDA:10,(anonymous_101)
FNDA:2,(anonymous_102)
FNDA:10,(anonymous_103)
FNDA:10,(anonymous_104)
FNDA:2,(anonymous_105)
FNDA:10,(anonymous_106)
FNDA:10,(anonymous_107)
FNDA:5,(anonymous_108)
FNDA:25,(anonymous_109)
FNDA:2,(anonymous_110)
FNDA:20,(anonymous_111)
FNDA:9,(anonymous_112)
FNDA:21,(anonymous_113)
FNDA:6,(anonymous_114)
FNDA:24,(anonymous_115)
FNDA:15,(anonymous_116)
FNDA:12,(anonymous_117)
FNDA:21,(anonymous_118)
FNDA:12,(anonymous_119)
FNDA:8,(anonymous_120)
FNDA:10,(anonymous_121)
FNDA:3,(anonymous_122)
FNDA:1,(anonymous_123)
FNDA:5,(anonymous_124)
FNDA:1,(anonymous_125)
FNDA:4,(anonymous_126)
FNDA:1,(anonymous_127)
FNDA:1,(anonymous_128)
FNDA:5,(anonymous_129)
FNDA:4,(anonymous_130)
FNDA:2,(anonymous_131)
FNDA:1,(anonymous_132)
FNDA:1,(anonymous_133)
FNDA:1,(anonymous_134)
FNDA:1,(anonymous_135)
FNDA:1,(anonymous_136)
DA:1,1
DA:4,1
DA:6,1
DA:7,1
DA:9,1
DA:10,1
DA:11,1
DA:12,1
DA:13,1
DA:14,1
DA:16,1
DA:17,1
DA:18,1
DA:20,1
DA:21,1
DA:22,5
DA:25,1
DA:28,1
DA:29,1
DA:31,1
DA:32,1
DA:34,1
DA:37,1
DA:38,11
DA:39,11
DA:40,11
DA:41,11
DA:43,11
DA:44,1
DA:47,10
DA:49,10
DA:50,10
DA:51,32
DA:54,10
DA:57,1
DA:58,1
DA:59,1
DA:60,1
DA:61,1
DA:62,1
DA:64,1
DA:66,1
DA:67,1
DA:69,1
DA:70,3
DA:71,3
DA:72,3
DA:73,9
DA:74,9
DA:76,3
DA:79,1
DA:82,1
DA:83,1
DA:84,1
DA:85,1
DA:86,1
DA:87,1
DA:88,1
DA:90,1
DA:92,1
DA:93,1
DA:94,1
DA:96,1
DA:97,3
DA:98,3
DA:99,3
DA:100,9
DA:101,9
DA:102,9
DA:103,27
DA:104,27
DA:106,9
DA:108,3
DA:111,1
DA:114,1
DA:115,12
DA:117,12
DA:118,12
DA:119,12
DA:120,12
DA:122,12
DA:123,9
DA:124,27
DA:127,3
DA:128,3
DA:129,9
DA:133,12
DA:136,1
DA:137,3
DA:138,3
DA:139,3
DA:142,1
DA:143,1
DA:146,1
DA:147,4
DA:149,4
DA:150,1
DA:152,3
DA:153,1
DA:155,2
DA:156,5
DA:157,1
DA:158,1
DA:162,2
DA:167,1
DA:168,176
DA:171,1
DA:172,1
DA:177,1
DA:178,2
DA:180,2
DA:181,3
DA:184,2
DA:187,1
DA:188,19
DA:189,56
DA:193,1
DA:194,9
DA:197,1
DA:198,5
DA:201,1
DA:202,1
DA:204,1
DA:205,1
DA:208,1
DA:209,1
DA:211,1
DA:212,1
DA:213,3
DA:216,1
DA:219,1
DA:220,1
DA:223,1
DA:224,2
DA:226,2
DA:227,2
DA:228,6
DA:231,2
DA:234,1
DA:235,1
DA:236,5
DA:238,1
DA:241,1
DA:242,2
DA:244,2
DA:245,2
DA:246,2
DA:247,10
DA:248,4
DA:249,4
DA:253,2
DA:256,1
DA:257,1
DA:259,1
DA:260,3
DA:264,1
DA:265,1
DA:266,1
DA:267,1
DA:269,1
DA:270,1
DA:272,1
DA:273,1
DA:274,1
DA:275,3
DA:278,1
DA:281,1
DA:282,3
DA:283,3
DA:285,3
DA:286,12
DA:287,1
DA:288,1
DA:292,3
DA:295,1
DA:296,3
DA:297,3
DA:299,3
DA:300,9
DA:301,2
DA:302,2
DA:306,3
DA:309,1
DA:310,3
DA:311,3
DA:313,3
DA:314,3
DA:315,2
DA:316,2
DA:320,3
DA:323,1
DA:324,5
DA:325,5
DA:327,5
DA:328,15
DA:329,3
DA:330,3
DA:334,5
DA:337,1
DA:338,1
DA:341,1
DA:342,96
DA:345,1
DA:346,2
DA:349,1
DA:350,2
DA:353,1
DA:354,96
DA:355,96
DA:356,96
DA:358,96
DA:359,96
DA:360,292
DA:363,96
DA:366,1
DA:367,2
DA:368,2
DA:369,2
DA:371,2
DA:372,2
DA:373,8
DA:374,5
DA:378,2
DA:381,1
DA:382,2
DA:383,2
DA:384,2
DA:386,2
DA:387,2
DA:388,8
DA:389,3
DA:393,2
DA:396,1
DA:397,3
DA:398,3
DA:400,3
DA:401,10
DA:402,2
DA:403,2
DA:407,3
DA:410,1
DA:411,5
DA:412,5
DA:414,5
DA:415,16
DA:416,4
DA:417,4
DA:420,5
DA:423,1
DA:424,1
DA:425,1
DA:426,1
DA:427,3
DA:429,1
DA:432,1
DA:433,1
DA:434,1
DA:435,1
DA:436,3
DA:440,1
DA:441,1
DA:442,1
DA:443,1
DA:444,3
DA:448,1
DA:449,1
DA:450,1
DA:451,1
DA:452,3
DA:456,1
DA:457,1
DA:459,1
DA:460,3
DA:464,1
DA:465,1
DA:467,1
DA:468,3
DA:472,1
DA:473,2
DA:474,2
DA:476,2
DA:477,4
DA:478,2
DA:480,2
DA:484,2
DA:487,1
DA:488,2
DA:489,2
DA:491,2
DA:492,4
DA:493,2
DA:495,2
DA:499,2
DA:502,1
DA:503,1
DA:504,1
DA:505,1
DA:507,1
DA:508,1
DA:509,5
DA:512,1
DA:515,1
DA:516,1
DA:517,1
DA:518,1
DA:520,1
DA:521,1
DA:522,1
DA:523,5
DA:524,5
DA:527,1
DA:530,1
DA:531,1
DA:532,1
DA:534,1
DA:535,5
DA:536,2
DA:540,1
DA:543,1
DA:544,2
DA:545,2
DA:547,2
DA:548,14
DA:549,3
DA:553,2
DA:556,1
DA:557,4
DA:558,4
DA:560,4
DA:561,15
DA:562,2
DA:563,2
DA:567,4
DA:570,1
DA:571,2
DA:572,2
DA:574,2
DA:575,6
DA:576,1
DA:577,1
DA:581,2
DA:584,1
DA:585,23
DA:586,23
DA:588,23
DA:589,23
DA:590,3
DA:591,14
DA:594,20
DA:595,61
DA:599,23
DA:602,1
DA:603,1
DA:606,1
DA:607,2
DA:608,2
DA:610,2
DA:611,2
DA:612,1
DA:613,5
DA:616,1
DA:617,5
DA:621,2
DA:624,1
DA:625,2
DA:627,2
DA:628,2
DA:629,10
DA:630,5
DA:632,10
DA:635,2
DA:638,1
DA:639,5
DA:640,5
DA:642,5
DA:643,5
DA:644,5
DA:645,4
DA:646,21
DA:647,4
DA:648,17
DA:649,12
DA:653,1
DA:654,10
DA:655,10
DA:656,1
DA:657,1
DA:659,9
DA:660,9
DA:661,2
DA:662,2
DA:668,5
DA:671,1
DA:672,7
DA:673,7
DA:675,7
DA:676,7
DA:677,7
DA:678,6
DA:679,24
DA:680,5
DA:681,19
DA:682,4
DA:686,1
DA:687,10
DA:688,10
DA:689,1
DA:690,1
DA:692,9
DA:693,9
DA:694,2
DA:695,2
DA:701,7
DA:704,1
DA:705,2
DA:706,2
DA:708,2
DA:709,2
DA:710,2
DA:711,1
DA:712,10
DA:713,1
DA:714,1
DA:715,9
DA:716,4
DA:717,4
DA:721,1
DA:722,10
DA:723,10
DA:724,1
DA:725,1
DA:727,9
DA:728,9
DA:729,2
DA:730,2
DA:736,2
DA:739,1
DA:740,2
DA:741,2
DA:743,2
DA:744,2
DA:745,2
DA:746,1
DA:747,10
DA:748,1
DA:749,1
DA:750,9
DA:751,4
DA:752,4
DA:756,1
DA:757,10
DA:758,10
DA:759,1
DA:760,1
DA:762,9
DA:763,9
DA:764,2
DA:765,2
DA:771,2
DA:774,1
DA:775,5
DA:776,5
DA:778,5
DA:779,5
DA:780,5
DA:781,25
DA:782,25
DA:783,13
DA:784,13
DA:786,12
DA:787,12
DA:788,2
DA:789,2
DA:794,5
DA:797,1
DA:798,2
DA:799,2
DA:801,2
DA:802,2
DA:803,2
DA:804,20
DA:805,20
DA:806,11
DA:807,11
DA:809,9
DA:810,9
DA:811,2
DA:812,2
DA:817,2
DA:820,1
DA:821,9
DA:822,9
DA:824,9
DA:825,9
DA:826,3
DA:829,6
DA:830,21
DA:831,21
DA:832,5
DA:834,16
DA:836,21
DA:837,9
DA:841,6
DA:844,1
DA:845,6
DA:846,6
DA:848,6
DA:849,6
DA:850,24
DA:851,4
DA:855,6
DA:858,1
DA:859,15
DA:860,15
DA:861,15
DA:862,15
DA:864,15
DA:865,3
DA:866,3
DA:867,12
DA:870,12
DA:871,2
DA:873,10
DA:874,10
DA:876,10
DA:877,21
DA:881,1
DA:882,12
DA:883,12
DA:884,12
DA:885,12
DA:887,12
DA:888,4
DA:889,4
DA:890,8
DA:893,8
DA:894,4
DA:895,4
DA:897,4
DA:898,4
DA:900,4
DA:901,10
DA:905,1
DA:906,3
DA:907,3
DA:909,3
DA:910,1
DA:912,2
DA:913,1
DA:915,1
DA:918,2
DA:921,1
DA:922,1
DA:923,1
DA:925,1
DA:926,1
DA:927,5
DA:928,2
DA:932,1
DA:935,1
DA:936,1
DA:937,1
DA:939,1
DA:940,1
DA:941,4
DA:942,2
DA:946,1
DA:949,1
DA:950,1
DA:953,1
DA:954,1
DA:955,1
DA:957,1
DA:958,1
DA:959,5
DA:960,3
DA:963,1
DA:964,4
DA:965,2
DA:969,1
DA:972,1
DA:973,2
DA:974,2
DA:977,1
DA:978,1
DA:981,1
DA:982,1
DA:985,1
DA:986,1
DA:989,1
DA:990,1
DA:993,1
DA:994,1
LF:593
LH:593
BRDA:43,1,0,1
BRDA:43,1,1,10
BRDA:122,2,0,9
BRDA:122,2,1,3
BRDA:149,3,0,1
BRDA:149,3,1,3
BRDA:152,4,0,1
BRDA:152,4,1,2
BRDA:156,5,0,1
BRDA:156,5,1,4
BRDA:162,6,0,2
BRDA:162,6,1,1
BRDA:247,7,0,4
BRDA:247,7,1,6
BRDA:286,8,0,1
BRDA:286,8,1,11
BRDA:292,9,0,3
BRDA:292,9,1,2
BRDA:300,10,0,2
BRDA:300,10,1,7
BRDA:306,11,0,3
BRDA:306,11,1,1
BRDA:314,12,0,2
BRDA:314,12,1,1
BRDA:320,13,0,3
BRDA:320,13,1,1
BRDA:328,14,0,3
BRDA:328,14,1,12
BRDA:334,15,0,5
BRDA:334,15,1,2
BRDA:373,16,0,5
BRDA:373,16,1,3
BRDA:388,17,0,3
BRDA:388,17,1,5
BRDA:401,18,0,2
BRDA:401,18,1,8
BRDA:407,19,0,3
BRDA:407,19,1,1
BRDA:415,20,0,4
BRDA:415,20,1,12
BRDA:420,21,0,5
BRDA:420,21,1,1
BRDA:477,22,0,2
BRDA:477,22,1,2
BRDA:484,23,0,2
BRDA:484,23,1,1
BRDA:492,24,0,2
BRDA:492,24,1,2
BRDA:499,25,0,2
BRDA:499,25,1,1
BRDA:535,26,0,2
BRDA:535,26,1,3
BRDA:548,27,0,3
BRDA:548,27,1,11
BRDA:561,28,0,2
BRDA:561,28,1,13
BRDA:567,29,0,4
BRDA:567,29,1,2
BRDA:575,30,0,1
BRDA:575,30,1,5
BRDA:581,31,0,2
BRDA:581,31,1,1
BRDA:589,32,0,3
BRDA:589,32,1,20
BRDA:611,33,0,1
BRDA:611,33,1,1
BRDA:629,34,0,5
BRDA:629,34,1,5
BRDA:644,35,0,4
BRDA:644,35,1,1
BRDA:646,36,0,4
BRDA:646,36,1,17
BRDA:648,37,0,12
BRDA:648,37,1,5
BRDA:655,38,0,1
BRDA:655,38,1,9
BRDA:660,39,0,2
BRDA:660,39,1,7
BRDA:677,40,0,6
BRDA:677,40,1,1
BRDA:679,41,0,5
BRDA:679,41,1,19
BRDA:681,42,0,4
BRDA:681,42,1,15
BRDA:688,43,0,1
BRDA:688,43,1,9
BRDA:693,44,0,2
BRDA:693,44,1,7
BRDA:710,45,0,1
BRDA:710,45,1,1
BRDA:712,46,0,1
BRDA:712,46,1,9
BRDA:715,47,0,4
BRDA:715,47,1,5
BRDA:723,48,0,1
BRDA:723,48,1,9
BRDA:728,49,0,2
BRDA:728,49,1,7
BRDA:745,50,0,1
BRDA:745,50,1,1
BRDA:747,51,0,1
BRDA:747,51,1,9
BRDA:750,52,0,4
BRDA:750,52,1,5
BRDA:758,53,0,1
BRDA:758,53,1,9
BRDA:763,54,0,2
BRDA:763,54,1,7
BRDA:782,55,0,13
BRDA:782,55,1,12
BRDA:787,56,0,2
BRDA:787,56,1,10
BRDA:805,57,0,11
BRDA:805,57,1,9
BRDA:810,58,0,2
BRDA:810,58,1,7
BRDA:825,59,0,3
BRDA:825,59,1,6
BRDA:831,60,0,5
BRDA:831,60,1,16
BRDA:836,61,0,9
BRDA:836,61,1,12
BRDA:850,62,0,4
BRDA:850,62,1,20
BRDA:864,63,0,3
BRDA:864,63,1,12
BRDA:870,64,0,2
BRDA:870,64,1,10
BRDA:887,65,0,4
BRDA:887,65,1,8
BRDA:893,66,0,4
BRDA:893,66,1,4
BRDA:909,67,0,1
BRDA:909,67,1,2
BRDA:912,68,0,1
BRDA:912,68,1,1
BRDA:927,69,0,2
BRDA:927,69,1,3
BRDA:941,70,0,2
BRDA:941,70,1,2
BRDA:959,71,0,3
BRDA:959,71,1,2
BRDA:964,72,0,2
BRDA:964,72,1,2
BRF:144
BRH:144
end_of_record
TN:
SF:/Users/mohayonao/webapp/SCScript/src/sc/lang/classlib/Core/Object.js
FN:1,(anonymous_1)
FN:10,(anonymous_2)
FN:16,(anonymous_3)
FN:20,(anonymous_4)
FN:24,(anonymous_5)
FN:28,(anonymous_6)
FN:32,(anonymous_7)
FN:39,(anonymous_8)
FN:61,(anonymous_9)
FN:72,(anonymous_10)
FN:84,(anonymous_11)
FN:91,(anonymous_12)
FN:105,(anonymous_13)
FN:129,(anonymous_14)
FN:136,(anonymous_15)
FN:144,(anonymous_16)
FN:150,(anonymous_17)
FN:153,(anonymous_18)
FN:167,(anonymous_19)
FN:173,(anonymous_20)
FN:186,(anonymous_21)
FN:190,(anonymous_22)
FN:199,(anonymous_23)
FN:203,(anonymous_24)
FN:207,(anonymous_25)
FN:211,(anonymous_26)
FN:222,(anonymous_27)
FN:229,(anonymous_28)
FN:236,(anonymous_29)
FN:246,(anonymous_30)
FN:261,(anonymous_31)
FN:274,(anonymous_32)
FN:293,(anonymous_33)
FN:300,(anonymous_34)
FN:312,(anonymous_35)
FN:318,(anonymous_36)
FN:333,(anonymous_37)
FN:337,(anonymous_38)
FN:341,(anonymous_39)
FN:345,(anonymous_40)
FN:359,(anonymous_41)
FN:366,(anonymous_42)
FN:370,(anonymous_43)
FN:374,(anonymous_44)
FN:378,(anonymous_45)
FN:384,(anonymous_46)
FN:389,(anonymous_47)
FN:399,(anonymous_48)
FN:415,(anonymous_49)
FN:426,(anonymous_50)
FN:437,(anonymous_51)
FN:441,(anonymous_52)
FN:448,(anonymous_53)
FN:459,(anonymous_54)
FN:463,(anonymous_55)
FN:465,(anonymous_56)
FN:472,(anonymous_57)
FN:489,(anonymous_58)
FN:516,(anonymous_59)
FN:520,(anonymous_60)
FN:524,(anonymous_61)
FN:528,(anonymous_62)
FN:532,(anonymous_63)
FN:536,(anonymous_64)
FN:540,(anonymous_65)
FN:544,(anonymous_66)
FN:548,(anonymous_67)
FN:552,(anonymous_68)
FN:558,(anonymous_69)
FN:570,(anonymous_70)
FN:584,(anonymous_71)
FN:598,(anonymous_72)
FN:603,(anonymous_73)
FN:608,(anonymous_74)
FN:609,(anonymous_75)
FN:617,(anonymous_76)
FN:624,(anonymous_77)
FN:639,(anonymous_78)
FN:657,(anonymous_79)
FNF:79
FNH:78
FNDA:1,(anonymous_1)
FNDA:1,(anonymous_2)
FNDA:1,(anonymous_3)
FNDA:13,(anonymous_4)
FNDA:1,(anonymous_5)
FNDA:1,(anonymous_6)
FNDA:3,(anonymous_7)
FNDA:1,(anonymous_8)
FNDA:1,(anonymous_9)
FNDA:1,(anonymous_10)
FNDA:2,(anonymous_11)
FNDA:267,(anonymous_12)
FNDA:10,(anonymous_13)
FNDA:38,(anonymous_14)
FNDA:3,(anonymous_15)
FNDA:24,(anonymous_16)
FNDA:25,(anonymous_17)
FNDA:38,(anonymous_18)
FNDA:3,(anonymous_19)
FNDA:9,(anonymous_20)
FNDA:1,(anonymous_21)
FNDA:1,(anonymous_22)
FNDA:5,(anonymous_23)
FNDA:2,(anonymous_24)
FNDA:6,(anonymous_25)
FNDA:2,(anonymous_26)
FNDA:1,(anonymous_27)
FNDA:2,(anonymous_28)
FNDA:1,(anonymous_29)
FNDA:1,(anonymous_30)
FNDA:1,(anonymous_31)
FNDA:1,(anonymous_32)
FNDA:1,(anonymous_33)
FNDA:1,(anonymous_34)
FNDA:12,(anonymous_35)
FNDA:2,(anonymous_36)
FNDA:1,(anonymous_37)
FNDA:18,(anonymous_38)
FNDA:1,(anonymous_39)
FNDA:11,(anonymous_40)
FNDA:1,(anonymous_41)
FNDA:1,(anonymous_42)
FNDA:1,(anonymous_43)
FNDA:18,(anonymous_44)
FNDA:1,(anonymous_45)
FNDA:25,(anonymous_46)
FNDA:11,(anonymous_47)
FNDA:13,(anonymous_48)
FNDA:2,(anonymous_49)
FNDA:2,(anonymous_50)
FNDA:1,(anonymous_51)
FNDA:2,(anonymous_52)
FNDA:2,(anonymous_53)
FNDA:1,(anonymous_54)
FNDA:3,(anonymous_55)
FNDA:2,(anonymous_56)
FNDA:3,(anonymous_57)
FNDA:0,(anonymous_58)
FNDA:1,(anonymous_59)
FNDA:1,(anonymous_60)
FNDA:34,(anonymous_61)
FNDA:1,(anonymous_62)
FNDA:1,(anonymous_63)
FNDA:1,(anonymous_64)
FNDA:1,(anonymous_65)
FNDA:1,(anonymous_66)
FNDA:1,(anonymous_67)
FNDA:11,(anonymous_68)
FNDA:9,(anonymous_69)
FNDA:1,(anonymous_70)
FNDA:1,(anonymous_71)
FNDA:1,(anonymous_72)
FNDA:1,(anonymous_73)
FNDA:2,(anonymous_74)
FNDA:6,(anonymous_75)
FNDA:1,(anonymous_76)
FNDA:3,(anonymous_77)
FNDA:5,(anonymous_78)
FNDA:2,(anonymous_79)
DA:1,1
DA:4,1
DA:6,1
DA:7,1
DA:8,1
DA:10,1
DA:11,1
DA:12,1
DA:13,1
DA:14,1
DA:16,1
DA:17,1
DA:20,1
DA:21,13
DA:24,1
DA:25,1
DA:28,1
DA:29,1
DA:32,1
DA:33,3
DA:39,1
DA:40,1
DA:57,1
DA:58,1
DA:59,1
DA:61,1
DA:62,1
DA:64,1
DA:69,1
DA:72,1
DA:73,1
DA:75,1
DA:77,1
DA:84,1
DA:85,2
DA:86,2
DA:91,1
DA:92,267
DA:93,267
DA:95,267
DA:96,267
DA:98,267
DA:99,266
DA:102,1
DA:105,1
DA:106,10
DA:107,10
DA:108,10
DA:110,10
DA:111,10
DA:113,10
DA:114,9
DA:117,1
DA:120,1
DA:129,1
DA:130,38
DA:132,38
DA:133,11
DA:134,27
DA:135,1
DA:136,1
DA:137,3
DA:141,38
DA:144,1
DA:145,24
DA:150,1
DA:151,25
DA:153,25
DA:154,38
DA:157,25
DA:158,15
DA:161,25
DA:167,1
DA:168,3
DA:169,3
DA:171,3
DA:172,3
DA:173,1
DA:174,9
DA:178,2
DA:179,2
DA:180,5
DA:183,2
DA:186,1
DA:187,1
DA:190,1
DA:191,1
DA:194,1
DA:195,1
DA:196,1
DA:197,1
DA:199,1
DA:200,5
DA:203,1
DA:204,2
DA:207,1
DA:208,6
DA:211,1
DA:212,2
DA:222,1
DA:223,1
DA:226,1
DA:227,1
DA:229,1
DA:230,2
DA:232,2
DA:233,2
DA:236,1
DA:237,1
DA:240,1
DA:241,1
DA:242,1
DA:243,1
DA:244,1
DA:246,1
DA:247,1
DA:255,1
DA:259,1
DA:261,1
DA:262,1
DA:263,1
DA:266,1
DA:267,1
DA:268,1
DA:269,1
DA:270,1
DA:271,1
DA:272,1
DA:274,1
DA:275,1
DA:276,1
DA:279,1
DA:280,1
DA:281,1
DA:282,1
DA:283,1
DA:284,1
DA:285,1
DA:286,1
DA:287,1
DA:288,1
DA:289,1
DA:290,1
DA:291,1
DA:293,1
DA:294,1
DA:295,1
DA:298,1
DA:300,1
DA:301,1
DA:302,1
DA:312,1
DA:313,12
DA:318,1
DA:319,2
DA:333,1
DA:334,1
DA:337,1
DA:338,18
DA:341,1
DA:342,1
DA:345,1
DA:346,11
DA:359,1
DA:360,1
DA:361,1
DA:364,1
DA:366,1
DA:367,1
DA:370,1
DA:371,1
DA:374,1
DA:375,18
DA:378,1
DA:379,1
DA:382,1
DA:384,1
DA:385,25
DA:386,25
DA:389,1
DA:390,11
DA:391,11
DA:392,11
DA:395,1
DA:396,1
DA:397,1
DA:399,1
DA:400,13
DA:401,13
DA:403,13
DA:404,13
DA:405,6
DA:407,7
DA:412,13
DA:415,1
DA:416,2
DA:417,2
DA:419,2
DA:420,1
DA:422,1
DA:426,1
DA:427,2
DA:428,2
DA:430,2
DA:431,1
DA:433,1
DA:437,1
DA:438,1
DA:441,1
DA:442,2
DA:443,1
DA:445,1
DA:448,1
DA:449,2
DA:450,2
DA:451,1
DA:453,1
DA:459,1
DA:460,1
DA:461,1
DA:463,1
DA:464,3
DA:466,2
DA:469,1
DA:472,1
DA:473,3
DA:475,3
DA:476,3
DA:477,14
DA:478,1
DA:482,2
DA:483,1
DA:486,1
DA:489,1
DA:516,1
DA:517,1
DA:520,1
DA:521,1
DA:524,1
DA:525,34
DA:528,1
DA:529,1
DA:532,1
DA:533,1
DA:536,1
DA:537,1
DA:540,1
DA:541,1
DA:544,1
DA:545,1
DA:548,1
DA:549,1
DA:552,1
DA:553,11
DA:554,11
DA:555,11
DA:558,1
DA:559,9
DA:560,9
DA:561,9
DA:563,9
DA:564,9
DA:570,1
DA:571,1
DA:572,1
DA:573,1
DA:574,1
DA:576,1
DA:577,1
DA:578,1
DA:579,1
DA:581,1
DA:584,1
DA:585,1
DA:586,1
DA:588,1
DA:595,1
DA:596,1
DA:598,1
DA:599,1
DA:600,1
DA:603,1
DA:604,1
DA:605,1
DA:607,1
DA:608,1
DA:609,2
DA:610,6
DA:614,1
DA:617,1
DA:618,1
DA:621,1
DA:622,1
DA:624,1
DA:625,3
DA:626,3
DA:628,3
DA:629,3
DA:630,1
DA:632,2
DA:633,1
DA:636,1
DA:639,1
DA:640,5
DA:643,1
DA:644,1
DA:645,1
DA:646,1
DA:650,1
DA:651,1
DA:652,1
DA:653,1
DA:654,1
DA:655,1
DA:657,1
DA:658,2
DA:659,1
DA:661,1
LF:318
LH:318
BRDA:98,1,0,266
BRDA:98,1,1,1
BRDA:113,2,0,9
BRDA:113,2,1,1
BRDA:132,3,0,11
BRDA:132,3,1,27
BRDA:134,4,0,1
BRDA:134,4,1,26
BRDA:134,5,0,27
BRDA:134,5,1,17
BRDA:157,6,0,15
BRDA:157,6,1,10
BRDA:172,7,0,1
BRDA:172,7,1,2
BRDA:404,8,0,6
BRDA:404,8,1,7
BRDA:419,9,0,1
BRDA:419,9,1,1
BRDA:430,10,0,1
BRDA:430,10,1,1
BRDA:442,11,0,1
BRDA:442,11,1,1
BRDA:450,12,0,1
BRDA:450,12,1,1
BRDA:477,13,0,1
BRDA:477,13,1,13
BRDA:482,14,0,1
BRDA:482,14,1,1
BRDA:629,15,0,1
BRDA:629,15,1,2
BRDA:632,16,0,1
BRDA:632,16,1,1
BRDA:658,17,0,1
BRDA:658,17,1,1
BRF:34
BRH:34
end_of_record
TN:
SF:/Users/mohayonao/webapp/SCScript/src/sc/lang/classlib.js
FNF:0
FNH:0
DA:1,1
DA:2,1
DA:3,1
DA:4,1
DA:5,1
DA:6,1
LF:6
LH:6
BRF:0
BRH:0
end_of_record
TN:
SF:/Users/mohayonao/webapp/SCScript/src/sc/lang/klass.js
FN:1,(anonymous_1)
FN:16,(anonymous_2)
FN:22,(anonymous_3)
FN:23,F
FN:27,Meta_F
FN:30,MetaSpec
FN:36,(anonymous_7)
FN:38,(anonymous_8)
FN:57,(anonymous_9)
FN:66,(anonymous_10)
FN:137,(anonymous_11)
FN:150,(anonymous_12)
FN:160,(anonymous_13)
FN:165,SCObject
FN:169,SCClass
FN:176,SCNil
FN:181,SCSymbol
FN:186,SCBoolean
FN:190,SCTrue
FN:195,SCFalse
FN:200,SCMagnitude
FN:204,SCChar
FN:209,SCNumber
FN:213,SCSimpleNumber
FN:217,SCInteger
FN:222,SCFloat
FN:227,SCCollection
FN:231,SCSequenceableCollection
FN:235,SCArrayedCollection
FN:241,SCRawArray
FN:245,SCArray
FN:249,SCString
FN:254,SCAbstractFunction
FN:258,SCFunction
FN:261,(anonymous_35)
FN:264,(anonymous_36)
FN:267,(anonymous_37)
FN:270,(anonymous_38)
FN:337,(anonymous_39)
FN:338,(anonymous_40)
FN:345,(anonymous_41)
FN:349,(anonymous_42)
FN:353,(anonymous_43)
FN:357,(anonymous_44)
FN:361,(anonymous_45)
FN:370,(anonymous_46)
FN:375,(anonymous_47)
FN:376,(anonymous_48)
FN:380,(anonymous_49)
FN:387,(anonymous_50)
FN:391,(anonymous_51)
FN:400,(anonymous_52)
FN:406,(anonymous_53)
FN:419,(anonymous_54)
FN:423,(anonymous_55)
FN:426,(anonymous_56)
FN:432,(anonymous_57)
FN:448,(anonymous_58)
FN:468,(anonymous_59)
FN:482,(anonymous_60)
FN:489,(anonymous_61)
FN:496,(anonymous_62)
FN:511,(anonymous_63)
FN:517,(anonymous_64)
FN:520,(anonymous_65)
FN:523,(anonymous_66)
FN:526,(anonymous_67)
FN:529,(anonymous_68)
FN:532,(anonymous_69)
FN:535,(anonymous_70)
FN:538,(anonymous_71)
FN:541,(anonymous_72)
FNF:72
FNH:72
FNDA:1,(anonymous_1)
FNDA:37,(anonymous_2)
FNDA:35,(anonymous_3)
FNDA:35,F
FNDA:35,Meta_F
FNDA:35,MetaSpec
FNDA:62,(anonymous_7)
FNDA:1224,(anonymous_8)
FNDA:1224,(anonymous_9)
FNDA:41,(anonymous_10)
FNDA:27,(anonymous_11)
FNDA:1386,(anonymous_12)
FNDA:4,(anonymous_13)
FNDA:4687,SCObject
FNDA:37,SCClass
FNDA:1,SCNil
FNDA:196,SCSymbol
FNDA:2,SCBoolean
FNDA:1,SCTrue
FNDA:1,SCFalse
FNDA:809,SCMagnitude
FNDA:128,SCChar
FNDA:681,SCNumber
FNDA:681,SCSimpleNumber
FNDA:129,SCInteger
FNDA:552,SCFloat
FNDA:2125,SCCollection
FNDA:2119,SCSequenceableCollection
FNDA:2118,SCArrayedCollection
FNDA:133,SCRawArray
FNDA:1985,SCArray
FNDA:130,SCString
FNDA:770,SCAbstractFunction
FNDA:747,SCFunction
FNDA:0,(anonymous_35)
FNDA:2,(anonymous_36)
FNDA:13366,(anonymous_37)
FNDA:2,(anonymous_38)
FNDA:1,(anonymous_39)
FNDA:1026,(anonymous_40)
FNDA:54,(anonymous_41)
FNDA:2,(anonymous_42)
FNDA:4,(anonymous_43)
FNDA:4,(anonymous_44)
FNDA:1451,(anonymous_45)
FNDA:9065,(anonymous_46)
FNDA:1,(anonymous_47)
FNDA:1,(anonymous_48)
FNDA:5,(anonymous_49)
FNDA:1,(anonymous_50)
FNDA:225,(anonymous_51)
FNDA:154,(anonymous_52)
FNDA:736,(anonymous_53)
FNDA:110,(anonymous_54)
FNDA:162,(anonymous_55)
FNDA:2229,(anonymous_56)
FNDA:2150,(anonymous_57)
FNDA:8554,(anonymous_58)
FNDA:2376,(anonymous_59)
FNDA:1665,(anonymous_60)
FNDA:130,(anonymous_61)
FNDA:747,(anonymous_62)
FNDA:147,(anonymous_63)
FNDA:9,(anonymous_64)
FNDA:55,(anonymous_65)
FNDA:3579,(anonymous_66)
FNDA:40,(anonymous_67)
FNDA:350,(anonymous_68)
FNDA:64,(anonymous_69)
FNDA:105,(anonymous_70)
FNDA:397,(anonymous_71)
FNDA:1,(anonymous_72)
DA:1,1
DA:4,1
DA:5,1
DA:7,1
DA:9,1
DA:10,1
DA:12,1
DA:13,1
DA:14,1
DA:16,1
DA:17,37
DA:18,37
DA:19,37
DA:22,1
DA:23,1
DA:24,35
DA:25,35
DA:27,1
DA:28,35
DA:30,1
DA:31,35
DA:33,35
DA:36,1
DA:38,62
DA:39,1224
DA:40,1224
DA:41,2
DA:42,2
DA:47,1222
DA:50,62
DA:51,62
DA:52,38
DA:54,24
DA:57,62
DA:58,1224
DA:59,33
DA:61,1191
DA:66,1
DA:67,41
DA:69,41
DA:70,1
DA:76,40
DA:77,1
DA:83,39
DA:84,39
DA:85,39
DA:87,39
DA:88,39
DA:89,1
DA:95,38
DA:96,1
DA:102,37
DA:103,36
DA:104,1
DA:109,35
DA:112,36
DA:114,36
DA:115,36
DA:117,36
DA:118,36
DA:119,36
DA:121,36
DA:122,36
DA:123,36
DA:124,36
DA:125,36
DA:127,36
DA:128,36
DA:130,36
DA:131,2
DA:134,36
DA:137,1
DA:138,27
DA:140,27
DA:141,1
DA:146,26
DA:147,26
DA:150,1
DA:151,1386
DA:152,1
DA:157,1385
DA:160,1
DA:161,4
DA:165,1
DA:166,4687
DA:169,1
DA:170,37
DA:171,37
DA:172,37
DA:173,37
DA:176,1
DA:177,1
DA:178,1
DA:181,1
DA:182,196
DA:183,196
DA:186,1
DA:187,2
DA:190,1
DA:191,1
DA:192,1
DA:195,1
DA:196,1
DA:197,1
DA:200,1
DA:201,809
DA:204,1
DA:205,128
DA:206,128
DA:209,1
DA:210,681
DA:213,1
DA:214,681
DA:217,1
DA:218,129
DA:219,129
DA:222,1
DA:223,552
DA:224,552
DA:227,1
DA:228,2125
DA:231,1
DA:232,2119
DA:235,1
DA:236,2118
DA:237,2118
DA:238,2118
DA:241,1
DA:242,133
DA:245,1
DA:246,1985
DA:249,1
DA:250,130
DA:251,130
DA:254,1
DA:255,770
DA:258,1
DA:259,747
DA:261,747
DA:264,1
DA:265,1
DA:268,13366
DA:273,1
DA:275,1
DA:276,1
DA:277,1
DA:278,1
DA:279,1
DA:280,1
DA:281,1
DA:283,1
DA:287,1
DA:291,1
DA:293,1
DA:297,1
DA:301,1
DA:303,1
DA:307,1
DA:308,1
DA:310,1
DA:314,1
DA:318,1
DA:319,1
DA:320,1
DA:321,1
DA:323,1
DA:327,1
DA:331,1
DA:333,1
DA:337,1
DA:338,1
DA:339,1026
DA:340,1
DA:342,1025
DA:345,1
DA:346,54
DA:349,1
DA:350,2
DA:353,1
DA:354,4
DA:357,1
DA:358,4
DA:361,1
DA:362,1451
DA:363,1451
DA:364,1037
DA:366,414
DA:370,1
DA:371,9065
DA:375,1
DA:376,1
DA:377,1
DA:380,1
DA:381,5
DA:382,2
DA:384,3
DA:387,1
DA:388,1
DA:391,1
DA:392,225
DA:396,1
DA:398,1
DA:400,1
DA:401,154
DA:404,1
DA:406,1
DA:407,736
DA:408,736
DA:409,196
DA:410,196
DA:411,196
DA:413,736
DA:416,1
DA:417,1
DA:419,1
DA:420,110
DA:423,1
DA:424,162
DA:426,1
DA:427,2229
DA:430,1
DA:432,1
DA:433,2150
DA:435,2150
DA:437,2150
DA:438,128
DA:439,128
DA:440,128
DA:443,2150
DA:446,1
DA:448,1
DA:449,8554
DA:451,8554
DA:452,3
DA:455,8551
DA:457,8551
DA:458,129
DA:459,129
DA:460,129
DA:463,8551
DA:466,1
DA:468,1
DA:469,2376
DA:471,2376
DA:473,2376
DA:474,552
DA:475,552
DA:476,552
DA:479,2376
DA:482,1
DA:483,1665
DA:484,1665
DA:485,1665
DA:486,1665
DA:489,1
DA:490,130
DA:491,130
DA:492,130
DA:493,130
DA:496,1
DA:497,747
DA:498,747
DA:499,747
DA:502,1
DA:503,1
DA:505,1
DA:512,147
DA:518,9
DA:521,55
DA:524,3579
DA:527,40
DA:530,350
DA:533,64
DA:536,105
DA:539,397
DA:542,1
DA:546,1
DA:547,1
LF:278
LH:278
BRDA:40,1,0,2
BRDA:40,1,1,1222
BRDA:40,2,0,1224
BRDA:40,2,1,2
BRDA:41,3,0,1
BRDA:41,3,1,1
BRDA:51,4,0,38
BRDA:51,4,1,24
BRDA:58,5,0,33
BRDA:58,5,1,1191
BRDA:69,6,0,1
BRDA:69,6,1,40
BRDA:76,7,0,1
BRDA:76,7,1,39
BRDA:85,8,0,39
BRDA:85,8,1,10
BRDA:88,9,0,1
BRDA:88,9,1,38
BRDA:88,10,0,39
BRDA:88,10,1,39
BRDA:95,11,0,1
BRDA:95,11,1,37
BRDA:102,12,0,36
BRDA:102,12,1,1
BRDA:103,13,0,1
BRDA:103,13,1,35
BRDA:114,14,0,36
BRDA:114,14,1,10
BRDA:130,15,0,2
BRDA:130,15,1,34
BRDA:140,16,0,1
BRDA:140,16,1,26
BRDA:147,17,0,26
BRDA:147,17,1,26
BRDA:151,18,0,1
BRDA:151,18,1,1385
BRDA:339,19,0,1
BRDA:339,19,1,1025
BRDA:363,20,0,1037
BRDA:363,20,1,414
BRDA:381,21,0,2
BRDA:381,21,1,3
BRDA:408,22,0,196
BRDA:408,22,1,540
BRDA:427,23,0,738
BRDA:427,23,1,1491
BRDA:437,24,0,128
BRDA:437,24,1,2022
BRDA:451,25,0,3
BRDA:451,25,1,8551
BRDA:457,26,0,129
BRDA:457,26,1,8422
BRDA:473,27,0,552
BRDA:473,27,1,1824
BRDA:484,28,0,1665
BRDA:484,28,1,24
BRDA:524,29,0,3579
BRDA:524,29,1,63
BRDA:527,30,0,40
BRDA:527,30,1,14
BRDA:530,31,0,350
BRDA:530,31,1,84
BRDA:533,32,0,64
BRDA:533,32,1,23
BRDA:536,33,0,105
BRDA:536,33,1,56
BRF:66
BRH:66
end_of_record
TN:
SF:/Users/mohayonao/webapp/SCScript/src/sc/lang/sc.js
FNF:0
FNH:0
DA:1,1
LF:1
LH:1
BRF:0
BRH:0
end_of_record
TN:
SF:/Users/mohayonao/webapp/SCScript/src/sc/sc.js
FN:1,(anonymous_1)
FN:8,SCScript
FN:12,(anonymous_3)
FNF:3
FNH:3
FNDA:1,(anonymous_1)
FNDA:1,SCScript
FNDA:1,(anonymous_3)
DA:1,1
DA:4,1
DA:5,1
DA:6,1
DA:8,1
DA:9,1
DA:12,1
DA:13,1
DA:16,1
DA:18,1
LF:10
LH:10
BRF:0
BRH:0
end_of_record
TN:
SF:/Users/mohayonao/webapp/SCScript/src/sc/lang/dollarSC.js
FN:1,(anonymous_1)
FN:6,(anonymous_2)
FN:18,(anonymous_3)
FNF:3
FNH:3
FNDA:1,(anonymous_1)
FNDA:2,(anonymous_2)
FNDA:0,(anonymous_3)
DA:1,1
DA:4,1
DA:6,1
DA:7,2
DA:9,2
DA:10,2
DA:11,1
DA:14,1
DA:18,1
DA:20,1
DA:21,1
DA:22,1
DA:23,1
DA:24,1
DA:25,1
DA:26,1
DA:27,1
DA:28,1
DA:29,1
DA:30,1
DA:31,1
DA:32,1
DA:33,1
DA:34,1
DA:36,1
LF:25
LH:25
BRDA:10,1,0,1
BRDA:10,1,1,1
BRF:2
BRH:2
end_of_record
TN:
SF:/Users/mohayonao/webapp/SCScript/src/sc/lang/iterator.js
FN:1,(anonymous_1)
FN:12,(anonymous_2)
FN:16,(anonymous_3)
FN:21,(anonymous_4)
FN:37,(anonymous_5)
FN:39,(anonymous_6)
FN:47,(anonymous_7)
FN:50,(anonymous_8)
FN:62,(anonymous_9)
FN:67,(anonymous_10)
FN:74,(anonymous_11)
FN:85,(anonymous_12)
FN:103,(anonymous_13)
FN:113,(anonymous_14)
FN:123,(anonymous_15)
FN:132,(anonymous_16)
FN:139,(anonymous_17)
FN:149,(anonymous_18)
FN:154,(anonymous_19)
FN:161,(anonymous_20)
FN:172,(anonymous_21)
FN:190,(anonymous_22)
FN:195,(anonymous_23)
FN:200,(anonymous_24)
FN:210,(anonymous_25)
FN:221,(anonymous_26)
FN:233,(anonymous_27)
FN:238,(anonymous_28)
FN:244,(anonymous_29)
FN:254,(anonymous_30)
FN:265,(anonymous_31)
FN:277,(anonymous_32)
FN:282,(anonymous_33)
FN:299,(anonymous_34)
FN:303,(anonymous_35)
FNF:35
FNH:35
FNDA:1,(anonymous_1)
FNDA:32,(anonymous_2)
FNDA:374,(anonymous_3)
FNDA:334,(anonymous_4)
FNDA:1,(anonymous_5)
FNDA:1,(anonymous_6)
FNDA:6,(anonymous_7)
FNDA:19,(anonymous_8)
FNDA:13,(anonymous_9)
FNDA:1,(anonymous_10)
FNDA:16,(anonymous_11)
FNDA:16,(anonymous_12)
FNDA:2,(anonymous_13)
FNDA:2,(anonymous_14)
FNDA:2,(anonymous_15)
FNDA:4,(anonymous_16)
FNDA:3,(anonymous_17)
FNDA:42,(anonymous_18)
FNDA:2,(anonymous_19)
FNDA:78,(anonymous_20)
FNDA:37,(anonymous_21)
FNDA:15,(anonymous_22)
FNDA:2,(anonymous_23)
FNDA:2,(anonymous_24)
FNDA:6,(anonymous_25)
FNDA:3,(anonymous_26)
FNDA:2,(anonymous_27)
FNDA:3,(anonymous_28)
FNDA:2,(anonymous_29)
FNDA:4,(anonymous_30)
FNDA:3,(anonymous_31)
FNDA:318,(anonymous_32)
FNDA:1063,(anonymous_33)
FNDA:316,(anonymous_34)
FNDA:2,(anonymous_35)
DA:1,1
DA:4,1
DA:5,1
DA:6,1
DA:8,1
DA:9,1
DA:10,1
DA:12,1
DA:13,32
DA:16,1
DA:17,374
DA:21,1
DA:22,334
DA:23,334
DA:25,334
DA:26,1110
DA:27,8
DA:29,1102
DA:31,1110
DA:32,29
DA:37,1
DA:38,1
DA:40,1
DA:41,1
DA:44,1
DA:47,1
DA:48,6
DA:49,6
DA:51,19
DA:52,13
DA:54,6
DA:55,6
DA:59,6
DA:62,1
DA:63,13
DA:65,13
DA:66,1
DA:68,1
DA:69,1
DA:72,12
DA:73,4
DA:75,16
DA:76,16
DA:77,16
DA:78,4
DA:80,16
DA:83,8
DA:84,4
DA:86,16
DA:87,16
DA:88,16
DA:89,4
DA:91,16
DA:95,4
DA:100,13
DA:103,1
DA:104,2
DA:106,2
DA:107,2
DA:108,2
DA:110,2
DA:113,1
DA:114,2
DA:116,2
DA:117,2
DA:118,2
DA:120,2
DA:123,1
DA:124,2
DA:125,2
DA:127,2
DA:129,2
DA:132,1
DA:133,4
DA:134,4
DA:136,4
DA:139,1
DA:140,3
DA:142,3
DA:143,3
DA:144,3
DA:146,3
DA:149,1
DA:150,42
DA:152,42
DA:153,2
DA:155,2
DA:156,2
DA:159,40
DA:160,23
DA:162,78
DA:163,78
DA:164,78
DA:165,22
DA:167,78
DA:170,17
DA:171,9
DA:173,37
DA:174,37
DA:175,37
DA:176,9
DA:178,37
DA:182,8
DA:187,42
DA:190,1
DA:191,15
DA:192,15
DA:195,1
DA:196,2
DA:197,2
DA:200,1
DA:201,2
DA:203,2
DA:204,2
DA:205,2
DA:207,2
DA:210,1
DA:211,6
DA:212,6
DA:214,6
DA:215,6
DA:216,6
DA:218,6
DA:221,1
DA:222,3
DA:223,3
DA:225,3
DA:226,3
DA:227,3
DA:228,3
DA:230,3
DA:233,1
DA:234,2
DA:235,2
DA:238,1
DA:239,3
DA:240,3
DA:241,3
DA:244,1
DA:245,2
DA:247,2
DA:248,2
DA:249,2
DA:251,2
DA:254,1
DA:255,4
DA:256,4
DA:258,4
DA:259,4
DA:260,4
DA:262,4
DA:265,1
DA:266,3
DA:267,3
DA:269,3
DA:270,3
DA:271,3
DA:272,3
DA:274,3
DA:277,1
DA:278,318
DA:280,318
DA:281,304
DA:283,1063
DA:284,1063
DA:285,283
DA:287,1063
DA:291,14
DA:296,318
DA:299,1
DA:300,316
DA:303,1
DA:304,2
DA:307,1
LF:174
LH:174
BRDA:26,1,0,8
BRDA:26,1,1,1102
BRDA:31,2,0,29
BRDA:31,2,1,1081
BRDA:51,3,0,13
BRDA:51,3,1,6
BRDA:65,4,0,1
BRDA:65,4,1,12
BRDA:72,5,0,4
BRDA:72,5,1,8
BRDA:72,6,0,12
BRDA:72,6,1,7
BRDA:77,7,0,4
BRDA:77,7,1,12
BRDA:83,8,0,4
BRDA:83,8,1,4
BRDA:83,9,0,8
BRDA:83,9,1,5
BRDA:88,10,0,4
BRDA:88,10,1,12
BRDA:127,11,0,1
BRDA:127,11,1,1
BRDA:152,12,0,2
BRDA:152,12,1,40
BRDA:159,13,0,23
BRDA:159,13,1,17
BRDA:159,14,0,40
BRDA:159,14,1,29
BRDA:164,15,0,22
BRDA:164,15,1,56
BRDA:170,16,0,9
BRDA:170,16,1,8
BRDA:170,17,0,17
BRDA:170,17,1,11
BRDA:175,18,0,9
BRDA:175,18,1,28
BRDA:205,19,0,1
BRDA:205,19,1,1
BRDA:249,20,0,1
BRDA:249,20,1,1
BRDA:280,21,0,304
BRDA:280,21,1,14
BRDA:284,22,0,283
BRDA:284,22,1,780
BRF:44
BRH:44
end_of_record
TN:
SF:/Users/mohayonao/webapp/SCScript/src/sc/lang/fn.js
FN:1,(anonymous_1)
FN:9,(anonymous_2)
FN:17,(anonymous_3)
FN:50,(anonymous_4)
FNF:4
FNH:4
FNDA:1,(anonymous_1)
FNDA:10,(anonymous_2)
FNDA:15,(anonymous_3)
FNDA:15,(anonymous_4)
DA:1,1
DA:4,1
DA:6,1
DA:7,1
DA:9,1
DA:10,10
DA:12,10
DA:13,10
DA:14,7
DA:17,10
DA:18,15
DA:19,15
DA:20,15
DA:22,15
DA:23,15
DA:25,15
DA:26,2
DA:27,2
DA:28,2
DA:29,2
DA:30,2
DA:31,2
DA:32,1
DA:37,15
DA:38,8
DA:40,15
DA:41,12
DA:44,15
DA:47,10
DA:50,1
DA:51,15
DA:54,1
LF:32
LH:32
BRDA:13,1,0,7
BRDA:13,1,1,3
BRDA:25,2,0,2
BRDA:25,2,1,13
BRDA:31,3,0,1
BRDA:31,3,1,1
BRDA:40,4,0,12
BRDA:40,4,1,3
BRDA:51,5,0,15
BRDA:51,5,1,13
BRF:10
BRH:10
end_of_record
TN:
SF:/Users/mohayonao/webapp/SCScript/src/sc/libs/random.js
FN:1,(anonymous_1)
FN:8,RandGen
FN:12,(anonymous_3)
FN:30,(anonymous_4)
FN:37,(anonymous_5)
FN:46,(anonymous_6)
FN:49,(anonymous_7)
FNF:7
FNH:7
FNDA:1,(anonymous_1)
FNDA:1,RandGen
FNDA:23,(anonymous_3)
FNDA:135,(anonymous_4)
FNDA:135,(anonymous_5)
FNDA:135,(anonymous_6)
FNDA:22,(anonymous_7)
DA:1,1
DA:4,1
DA:6,1
DA:8,1
DA:9,1
DA:12,1
DA:13,23
DA:14,1
DA:16,23
DA:17,23
DA:18,23
DA:19,23
DA:20,23
DA:21,23
DA:23,23
DA:24,23
DA:25,23
DA:27,23
DA:30,1
DA:31,135
DA:32,135
DA:33,135
DA:34,135
DA:37,1
DA:38,135
DA:41,1
DA:43,1
DA:47,135
DA:50,22
DA:54,1
LF:30
LH:30
BRDA:13,1,0,1
BRDA:13,1,1,22
BRF:2
BRH:2
end_of_record
TN:
SF:/Users/mohayonao/webapp/SCScript/src/sc/libs/sc.js
FNF:0
FNH:0
DA:1,1
LF:1
LH:1
BRF:0
BRH:0
end_of_record
TN:
SF:/Users/mohayonao/webapp/SCScript/src/sc/libs/mathlib.js
FN:1,(anonymous_1)
FN:10,(anonymous_2)
FN:14,(anonymous_3)
FN:18,(anonymous_4)
FN:22,(anonymous_5)
FN:26,(anonymous_6)
FN:30,(anonymous_7)
FN:40,(anonymous_8)
FN:47,(anonymous_9)
FN:54,(anonymous_10)
FN:58,(anonymous_11)
FN:62,(anonymous_12)
FN:66,(anonymous_13)
FN:81,(anonymous_14)
FN:88,(anonymous_15)
FN:92,(anonymous_16)
FN:96,(anonymous_17)
FN:100,(anonymous_18)
FN:106,(anonymous_19)
FN:110,(anonymous_20)
FN:117,(anonymous_21)
FN:124,(anonymous_22)
FN:131,(anonymous_23)
FN:138,(anonymous_24)
FN:142,(anonymous_25)
FN:146,(anonymous_26)
FN:150,(anonymous_27)
FN:154,(anonymous_28)
FN:158,(anonymous_29)
FN:162,(anonymous_30)
FN:166,(anonymous_31)
FN:170,(anonymous_32)
FN:174,(anonymous_33)
FN:178,(anonymous_34)
FN:182,(anonymous_35)
FN:187,(anonymous_36)
FN:191,(anonymous_37)
FN:224,(anonymous_38)
FN:250,(anonymous_39)
FN:254,(anonymous_40)
FN:258,(anonymous_41)
FN:262,(anonymous_42)
FN:266,(anonymous_43)
FN:270,(anonymous_44)
FN:279,(anonymous_45)
FN:304,(anonymous_46)
FN:319,(anonymous_47)
FN:352,(anonymous_48)
FN:356,(anonymous_49)
FN:364,(anonymous_50)
FNF:50
FNH:50
FNDA:1,(anonymous_1)
FNDA:15,(anonymous_2)
FNDA:503,(anonymous_3)
FNDA:164,(anonymous_4)
FNDA:265,(anonymous_5)
FNDA:122,(anonymous_6)
FNDA:46,(anonymous_7)
FNDA:22,(anonymous_8)
FNDA:21,(anonymous_9)
FNDA:12,(anonymous_10)
FNDA:8,(anonymous_11)
FNDA:8,(anonymous_12)
FNDA:25,(anonymous_13)
FNDA:13,(anonymous_14)
FNDA:13,(anonymous_15)
FNDA:25,(anonymous_16)
FNDA:22,(anonymous_17)
FNDA:13,(anonymous_18)
FNDA:13,(anonymous_19)
FNDA:13,(anonymous_20)
FNDA:17,(anonymous_21)
FNDA:13,(anonymous_22)
FNDA:13,(anonymous_23)
FNDA:13,(anonymous_24)
FNDA:13,(anonymous_25)
FNDA:13,(anonymous_26)
FNDA:13,(anonymous_27)
FNDA:13,(anonymous_28)
FNDA:13,(anonymous_29)
FNDA:9,(anonymous_30)
FNDA:13,(anonymous_31)
FNDA:27,(anonymous_32)
FNDA:13,(anonymous_33)
FNDA:13,(anonymous_34)
FNDA:13,(anonymous_35)
FNDA:15,(anonymous_36)
FNDA:15,(anonymous_37)
FNDA:14,(anonymous_38)
FNDA:13,(anonymous_39)
FNDA:6,(anonymous_40)
FNDA:6,(anonymous_41)
FNDA:5,(anonymous_42)
FNDA:29,(anonymous_43)
FNDA:38,(anonymous_44)
FNDA:19,(anonymous_45)
FNDA:19,(anonymous_46)
FNDA:19,(anonymous_47)
FNDA:41,(anonymous_48)
FNDA:120,(anonymous_49)
FNDA:63,(anonymous_50)
DA:1,1
DA:4,1
DA:5,1
DA:7,1
DA:8,1
DA:10,1
DA:11,15
DA:14,1
DA:15,503
DA:18,1
DA:19,164
DA:22,1
DA:23,265
DA:26,1
DA:27,122
DA:30,1
DA:31,46
DA:32,8
DA:34,38
DA:35,2
DA:37,36
DA:40,1
DA:41,22
DA:42,1
DA:44,21
DA:47,1
DA:48,21
DA:51,1
DA:52,1
DA:54,1
DA:55,12
DA:58,1
DA:59,8
DA:62,1
DA:63,8
DA:66,1
DA:67,25
DA:69,25
DA:70,25
DA:72,25
DA:73,84
DA:74,84
DA:75,84
DA:78,25
DA:81,1
DA:82,13
DA:83,1
DA:85,12
DA:88,1
DA:89,13
DA:92,1
DA:93,25
DA:96,1
DA:97,22
DA:100,1
DA:101,13
DA:104,1
DA:106,1
DA:107,13
DA:110,1
DA:111,13
DA:112,13
DA:113,13
DA:114,13
DA:117,1
DA:118,17
DA:119,3
DA:121,14
DA:124,1
DA:125,13
DA:126,3
DA:128,10
DA:131,1
DA:132,13
DA:133,3
DA:135,10
DA:138,1
DA:139,13
DA:142,1
DA:143,13
DA:146,1
DA:147,13
DA:150,1
DA:151,13
DA:154,1
DA:155,13
DA:158,1
DA:159,13
DA:162,1
DA:163,9
DA:166,1
DA:167,13
DA:170,1
DA:171,27
DA:174,1
DA:175,13
DA:178,1
DA:179,13
DA:182,1
DA:183,13
DA:184,13
DA:187,1
DA:188,15
DA:191,1
DA:192,15
DA:194,15
DA:195,3
DA:198,12
DA:199,12
DA:200,8
DA:201,8
DA:202,2
DA:204,4
DA:205,3
DA:206,3
DA:207,1
DA:210,1
DA:213,8
DA:214,8
DA:215,8
DA:217,8
DA:218,3
DA:221,8
DA:224,1
DA:225,14
DA:227,14
DA:228,3
DA:231,11
DA:232,7
DA:233,7
DA:234,7
DA:235,2
DA:237,4
DA:238,3
DA:239,3
DA:240,3
DA:241,1
DA:244,1
DA:247,7
DA:250,1
DA:251,13
DA:254,1
DA:255,6
DA:258,1
DA:259,6
DA:262,1
DA:263,5
DA:266,1
DA:267,29
DA:270,1
DA:271,38
DA:273,38
DA:274,38
DA:276,38
DA:279,1
DA:280,19
DA:282,19
DA:283,2
DA:286,17
DA:287,17
DA:288,9
DA:289,9
DA:290,5
DA:292,8
DA:293,4
DA:294,4
DA:295,2
DA:298,4
DA:301,6
DA:304,1
DA:305,19
DA:307,19
DA:308,19
DA:309,19
DA:310,19
DA:312,19
DA:313,14
DA:316,5
DA:319,1
DA:320,19
DA:322,19
DA:323,2
DA:326,17
DA:327,9
DA:328,9
DA:329,5
DA:331,8
DA:332,4
DA:333,4
DA:334,2
DA:337,4
DA:340,6
DA:341,6
DA:342,6
DA:343,6
DA:345,6
DA:346,4
DA:349,2
DA:352,1
DA:353,41
DA:356,1
DA:357,120
DA:358,120
DA:359,5
DA:361,120
DA:364,1
DA:365,63
DA:367,63
DA:368,63
DA:369,6
DA:371,63
DA:372,12
DA:374,51
DA:377,1
LF:214
LH:214
BRDA:31,1,0,8
BRDA:31,1,1,38
BRDA:31,2,0,46
BRDA:31,2,1,42
BRDA:34,3,0,2
BRDA:34,3,1,36
BRDA:34,4,0,38
BRDA:34,4,1,36
BRDA:34,4,2,37
BRDA:34,4,3,2
BRDA:41,5,0,1
BRDA:41,5,1,21
BRDA:82,6,0,1
BRDA:82,6,1,12
BRDA:82,7,0,13
BRDA:82,7,1,3
BRDA:93,8,0,3
BRDA:93,8,1,22
BRDA:97,9,0,3
BRDA:97,9,1,19
BRDA:101,10,0,3
BRDA:101,10,1,10
BRDA:118,11,0,3
BRDA:118,11,1,14
BRDA:125,12,0,3
BRDA:125,12,1,10
BRDA:132,13,0,3
BRDA:132,13,1,10
BRDA:175,14,0,8
BRDA:175,14,1,5
BRDA:194,15,0,3
BRDA:194,15,1,12
BRDA:199,16,0,8
BRDA:199,16,1,4
BRDA:201,17,0,2
BRDA:201,17,1,6
BRDA:204,18,0,3
BRDA:204,18,1,1
BRDA:206,19,0,1
BRDA:206,19,1,2
BRDA:217,20,0,3
BRDA:217,20,1,5
BRDA:227,21,0,3
BRDA:227,21,1,11
BRDA:231,22,0,7
BRDA:231,22,1,4
BRDA:234,23,0,2
BRDA:234,23,1,5
BRDA:237,24,0,3
BRDA:237,24,1,1
BRDA:240,25,0,1
BRDA:240,25,1,2
BRDA:282,26,0,2
BRDA:282,26,1,17
BRDA:287,27,0,9
BRDA:287,27,1,8
BRDA:289,28,0,5
BRDA:289,28,1,4
BRDA:292,29,0,4
BRDA:292,29,1,4
BRDA:294,30,0,2
BRDA:294,30,1,2
BRDA:312,31,0,14
BRDA:312,31,1,5
BRDA:322,32,0,2
BRDA:322,32,1,17
BRDA:326,33,0,9
BRDA:326,33,1,8
BRDA:328,34,0,5
BRDA:328,34,1,4
BRDA:331,35,0,4
BRDA:331,35,1,4
BRDA:333,36,0,2
BRDA:333,36,1,2
BRDA:345,37,0,4
BRDA:345,37,1,2
BRDA:358,38,0,5
BRDA:358,38,1,115
BRDA:368,39,0,6
BRDA:368,39,1,57
BRDA:371,40,0,12
BRDA:371,40,1,51
BRF:82
BRH:82
end_of_record
TN:
SF:/Users/mohayonao/webapp/SCScript/src/sc/lang/classlib/Collections/String.js
FN:1,(anonymous_1)
FN:8,(anonymous_2)
FN:10,(anonymous_3)
FN:14,(anonymous_4)
FN:21,(anonymous_5)
FN:22,(anonymous_6)
FN:27,(anonymous_7)
FN:34,(anonymous_8)
FN:43,(anonymous_9)
FN:47,(anonymous_10)
FN:52,(anonymous_11)
FN:57,(anonymous_12)
FN:73,(anonymous_13)
FN:87,(anonymous_14)
FN:91,(anonymous_15)
FN:113,(anonymous_16)
FN:119,(anonymous_17)
FN:125,(anonymous_18)
FN:131,(anonymous_19)
FN:137,(anonymous_20)
FN:143,(anonymous_21)
FN:151,(anonymous_22)
FN:156,(anonymous_23)
FN:161,(anonymous_24)
FN:169,(anonymous_25)
FN:173,(anonymous_26)
FN:190,(anonymous_27)
FN:196,(anonymous_28)
FNF:28
FNH:28
FNDA:1,(anonymous_1)
FNDA:1,(anonymous_2)
FNDA:18,(anonymous_3)
FNDA:2,(anonymous_4)
FNDA:108,(anonymous_5)
FNDA:365,(anonymous_6)
FNDA:22,(anonymous_7)
FNDA:1,(anonymous_8)
FNDA:2,(anonymous_9)
FNDA:6,(anonymous_10)
FNDA:7,(anonymous_11)
FNDA:1,(anonymous_12)
FNDA:30,(anonymous_13)
FNDA:10,(anonymous_14)
FNDA:90,(anonymous_15)
FNDA:6,(anonymous_16)
FNDA:3,(anonymous_17)
FNDA:3,(anonymous_18)
FNDA:3,(anonymous_19)
FNDA:3,(anonymous_20)
FNDA:3,(anonymous_21)
FNDA:6,(anonymous_22)
FNDA:1,(anonymous_23)
FNDA:1,(anonymous_24)
FNDA:1,(anonymous_25)
FNDA:1,(anonymous_26)
FNDA:3,(anonymous_27)
FNDA:5,(anonymous_28)
DA:1,1
DA:4,1
DA:6,1
DA:8,1
DA:10,1
DA:11,18
DA:14,1
DA:15,2
DA:16,1
DA:18,1
DA:21,1
DA:22,108
DA:23,365
DA:27,1
DA:28,22
DA:34,1
DA:35,1
DA:43,1
DA:44,2
DA:47,1
DA:48,6
DA:49,6
DA:52,1
DA:53,7
DA:54,7
DA:57,1
DA:58,1
DA:59,1
DA:61,1
DA:62,1
DA:63,3
DA:66,1
DA:73,1
DA:74,30
DA:75,30
DA:76,30
DA:78,30
DA:79,1
DA:82,29
DA:83,29
DA:84,29
DA:86,29
DA:87,3
DA:88,10
DA:91,26
DA:92,90
DA:95,29
DA:96,50
DA:97,50
DA:98,50
DA:99,50
DA:100,18
DA:104,11
DA:105,1
DA:106,10
DA:107,1
DA:110,11
DA:113,1
DA:114,6
DA:119,1
DA:120,3
DA:125,1
DA:126,3
DA:131,1
DA:132,3
DA:137,1
DA:138,3
DA:143,1
DA:144,3
DA:151,1
DA:152,6
DA:153,6
DA:156,1
DA:157,1
DA:158,1
DA:161,1
DA:162,1
DA:165,1
DA:167,1
DA:169,1
DA:170,1
DA:173,1
DA:174,1
DA:190,1
DA:191,3
DA:196,1
DA:197,5
LF:87
LH:87
BRDA:15,1,0,1
BRDA:15,1,1,1
[...]
DA:87,1
DA:88,1
DA:89,1
DA:90,1
DA:91,1
DA:92,1
DA:93,1
DA:94,1
DA:95,1
DA:96,1
DA:97,1
DA:98,1
DA:99,1
DA:100,1
DA:101,1
DA:102,1
DA:103,1
DA:104,1
DA:105,1
DA:106,1
DA:107,1
DA:108,1
DA:109,1
DA:110,1
DA:111,1
DA:112,1
DA:113,1
DA:114,1
DA:115,1
DA:116,1
DA:117,1
DA:118,1
DA:119,1
DA:120,1
DA:121,1
DA:122,1
DA:123,1
DA:125,1
DA:126,1
DA:127,1
DA:128,1
DA:129,1
DA:130,1
DA:131,1
DA:132,1
DA:133,1
DA:134,1
DA:135,1
DA:136,1
DA:137,1
DA:138,1
DA:145,1
DA:146,1
DA:147,1
DA:148,1
DA:149,1
DA:150,1
DA:159,1
DA:168,1
DA:169,1
DA:172,1
DA:174,1
LF:104
LH:104
BRDA:25,1,0,5
BRDA:25,1,1,1
BRDA:30,2,0,6
BRDA:30,2,1,1
BRDA:40,3,0,1
BRDA:40,3,1,1
BRF:6
BRH:6
end_of_record
TN:
SF:/Users/mohayonao/webapp/SCScript/src/sc/lang/classlib/Math/Integer.js
FN:1,(anonymous_1)
FN:10,prOpInt
FN:13,(anonymous_3)
FN:29,(anonymous_4)
FN:35,(anonymous_5)
FN:39,(anonymous_6)
FN:43,(anonymous_7)
FN:93,(anonymous_8)
FN:97,(anonymous_9)
FN:112,(anonymous_10)
FN:127,(anonymous_11)
FN:149,(anonymous_12)
FN:171,(anonymous_13)
FN:193,(anonymous_14)
FN:197,(anonymous_15)
FN:201,(anonymous_16)
FN:206,(anonymous_17)
FN:220,(anonymous_18)
FN:227,(anonymous_19)
FN:235,(anonymous_20)
FN:243,(anonymous_21)
FN:261,(anonymous_22)
FN:265,(anonymous_23)
FN:273,(anonymous_24)
FN:281,(anonymous_25)
FN:289,(anonymous_26)
FN:294,(anonymous_27)
FN:301,(anonymous_28)
FN:316,(anonymous_29)
FN:330,(anonymous_30)
FN:374,(anonymous_31)
FN:378,(anonymous_32)
FN:396,(anonymous_33)
FNF:33
FNH:33
FNDA:1,(anonymous_1)
FNDA:41,prOpInt
FNDA:905,(anonymous_3)
FNDA:1,(anonymous_4)
FNDA:997,(anonymous_5)
FNDA:69,(anonymous_6)
FNDA:1,(anonymous_7)
FNDA:41,(anonymous_8)
FNDA:4,(anonymous_9)
FNDA:4,(anonymous_10)
FNDA:5,(anonymous_11)
FNDA:22,(anonymous_12)
FNDA:5,(anonymous_13)
FNDA:78,(anonymous_14)
FNDA:25,(anonymous_15)
FNDA:6,(anonymous_16)
FNDA:5,(anonymous_17)
FNDA:1,(anonymous_18)
FNDA:13,(anonymous_19)
FNDA:1,(anonymous_20)
FNDA:2,(anonymous_21)
FNDA:1,(anonymous_22)
FNDA:1,(anonymous_23)
FNDA:1,(anonymous_24)
FNDA:2,(anonymous_25)
FNDA:1,(anonymous_26)
FNDA:1,(anonymous_27)
FNDA:5,(anonymous_28)
FNDA:1,(anonymous_29)
FNDA:4,(anonymous_30)
FNDA:1,(anonymous_31)
FNDA:1,(anonymous_32)
FNDA:1,(anonymous_33)
DA:1,1
DA:4,1
DA:6,1
DA:7,1
DA:8,1
DA:10,1
DA:11,41
DA:13,41
DA:14,905
DA:16,905
DA:18,767
DA:20,125
DA:23,13
DA:29,1
DA:30,1
DA:31,1
DA:33,1
DA:35,1
DA:36,997
DA:39,1
DA:40,69
DA:43,1
DA:44,1
DA:47,1
DA:51,1
DA:94,41
DA:97,1
DA:98,4
DA:100,4
DA:102,2
DA:104,1
DA:107,1
DA:112,1
DA:113,4
DA:115,4
DA:117,2
DA:119,1
DA:122,1
DA:127,1
DA:128,5
DA:129,5
DA:132,5
DA:133,1
DA:135,4
DA:136,1
DA:138,3
DA:139,2
DA:144,1
DA:149,1
DA:150,22
DA:151,22
DA:154,22
DA:155,1
DA:157,21
DA:158,1
DA:160,20
DA:161,19
DA:166,1
DA:171,1
DA:172,5
DA:173,5
DA:176,5
DA:177,1
DA:179,4
DA:180,1
DA:182,3
DA:183,2
DA:188,1
DA:193,1
DA:194,78
DA:197,1
DA:198,25
DA:201,1
DA:202,6
DA:203,6
DA:206,1
DA:207,5
DA:208,5
DA:210,5
DA:211,5
DA:213,5
DA:214,2
DA:217,3
DA:220,1
DA:221,1
DA:222,1
DA:224,1
DA:227,1
DA:228,13
DA:232,13
DA:235,1
DA:236,1
DA:238,1
DA:240,1
DA:243,1
DA:244,2
DA:245,2
DA:246,2
DA:247,2
DA:249,2
DA:250,1
DA:253,2
DA:254,2
DA:255,10
DA:258,2
DA:261,1
DA:262,1
DA:265,1
DA:266,1
DA:270,1
DA:273,1
DA:274,1
DA:278,1
DA:281,1
DA:282,2
DA:286,2
DA:289,1
DA:290,1
DA:291,1
DA:294,1
DA:296,1
DA:299,1
DA:301,1
DA:302,5
DA:305,5
DA:306,5
DA:307,2
DA:309,3
DA:310,2
DA:313,1
DA:316,1
DA:317,1
DA:318,1
DA:320,1
DA:321,1
DA:322,1
DA:323,1
DA:324,8
DA:327,1
DA:330,1
DA:331,4
DA:332,4
DA:333,4
DA:334,4
DA:336,4
DA:337,4
DA:338,3
DA:343,4
DA:344,4
DA:345,4
DA:346,4
DA:347,14
DA:348,14
DA:351,4
DA:374,1
DA:375,1
DA:378,1
DA:379,1
DA:380,1
DA:381,1
DA:396,1
DA:397,1
LF:162
LH:162
BRDA:16,1,0,767
BRDA:16,1,1,125
BRDA:100,2,0,2
BRDA:100,2,1,1
BRDA:115,3,0,2
BRDA:115,3,1,1
BRDA:132,4,0,1
BRDA:132,4,1,4
BRDA:135,5,0,1
BRDA:135,5,1,3
BRDA:138,6,0,2
BRDA:138,6,1,1
BRDA:138,7,0,3
BRDA:138,7,1,2
BRDA:154,8,0,1
BRDA:154,8,1,21
BRDA:157,9,0,1
BRDA:157,9,1,20
BRDA:160,10,0,19
BRDA:160,10,1,1
BRDA:160,11,0,20
BRDA:160,11,1,20
BRDA:176,12,0,1
BRDA:176,12,1,4
BRDA:179,13,0,1
BRDA:179,13,1,3
BRDA:182,14,0,2
BRDA:182,14,1,1
BRDA:182,15,0,3
BRDA:182,15,1,3
BRDA:213,16,0,2
BRDA:213,16,1,3
BRDA:249,17,0,1
BRDA:249,17,1,1
BRDA:306,18,0,2
BRDA:306,18,1,3
BRDA:306,19,0,5
BRDA:306,19,1,5
BRDA:309,20,0,2
BRDA:309,20,1,1
BRDA:309,21,0,3
BRDA:309,21,1,3
BRDA:337,22,0,3
BRDA:337,22,1,1
BRF:44
BRH:44
end_of_record
TN:
SF:/Users/mohayonao/webapp/SCScript/src/sc/lang/classlib/Math/SimpleNumber.js
FN:1,(anonymous_1)
FN:9,prOpSimpleNumber
FN:10,(anonymous_3)
FN:29,(anonymous_4)
FN:37,(anonymous_5)
FN:41,(anonymous_6)
FN:45,(anonymous_7)
FN:49,(anonymous_8)
FN:56,(anonymous_9)
FN:60,(anonymous_10)
FN:66,(anonymous_11)
FN:70,(anonymous_12)
FN:74,(anonymous_13)
FN:80,(anonymous_14)
FN:84,(anonymous_15)
FN:88,(anonymous_16)
FN:92,(anonymous_17)
FN:101,(anonymous_18)
FN:108,(anonymous_19)
FN:112,(anonymous_20)
FN:116,(anonymous_21)
FN:120,(anonymous_22)
FN:124,(anonymous_23)
FN:128,(anonymous_24)
FN:134,(anonymous_25)
FN:140,(anonymous_26)
FN:146,(anonymous_27)
FN:152,(anonymous_28)
FN:158,(anonymous_29)
FN:164,(anonymous_30)
FN:170,(anonymous_31)
FN:176,(anonymous_32)
FN:180,(anonymous_33)
FN:184,(anonymous_34)
FN:188,(anonymous_35)
FN:192,(anonymous_36)
FN:196,(anonymous_37)
FN:200,(anonymous_38)
FN:204,(anonymous_39)
FN:208,(anonymous_40)
FN:212,_sinh
FN:216,(anonymous_42)
FN:220,_cosh
FN:224,(anonymous_44)
FN:228,(anonymous_45)
FN:232,(anonymous_46)
FN:238,(anonymous_47)
FN:244,(anonymous_48)
FN:250,(anonymous_49)
FN:256,(anonymous_50)
FN:262,(anonymous_51)
FN:268,(anonymous_52)
FN:273,(anonymous_53)
FN:277,(anonymous_54)
FN:281,(anonymous_55)
FN:285,(anonymous_56)
FN:289,(anonymous_57)
FN:293,(anonymous_58)
FN:297,(anonymous_59)
FN:301,(anonymous_60)
FN:305,(anonymous_61)
FN:313,(anonymous_62)
FN:321,(anonymous_63)
FN:329,(anonymous_64)
FN:340,(anonymous_65)
FN:351,(anonymous_66)
FN:375,(anonymous_67)
FN:412,(anonymous_68)
FN:416,(anonymous_69)
FN:420,(anonymous_70)
FN:423,(anonymous_71)
FN:426,(anonymous_72)
FN:429,(anonymous_73)
FN:433,(anonymous_74)
FN:441,(anonymous_75)
FN:445,(anonymous_76)
FN:452,(anonymous_77)
FN:456,(anonymous_78)
FN:464,(anonymous_79)
FN:470,(anonymous_80)
FN:477,(anonymous_81)
FN:483,(anonymous_82)
FN:490,(anonymous_83)
FN:506,(anonymous_84)
FN:525,(anonymous_85)
FN:545,(anonymous_86)
FN:564,(anonymous_87)
FN:584,(anonymous_88)
FN:611,(anonymous_89)
FN:638,(anonymous_90)
FN:661,(anonymous_91)
FN:684,(anonymous_92)
FN:695,(anonymous_93)
FN:721,(anonymous_94)
FN:729,(anonymous_95)
FN:743,(anonymous_96)
FN:752,(anonymous_97)
FN:756,(anonymous_98)
FN:763,(anonymous_99)
FN:781,(anonymous_100)
FN:820,clip_for_map
FNF:101
FNH:101
FNDA:1,(anonymous_1)
FNDA:4,prOpSimpleNumber
FNDA:22,(anonymous_3)
FNDA:1,(anonymous_4)
FNDA:2,(anonymous_5)
FNDA:80,(anonymous_6)
FNDA:86,(anonymous_7)
FNDA:3,(anonymous_8)
FNDA:220,(anonymous_9)
FNDA:2,(anonymous_10)
FNDA:1,(anonymous_11)
FNDA:5,(anonymous_12)
FNDA:11,(anonymous_13)
FNDA:22,(anonymous_14)
FNDA:9,(anonymous_15)
FNDA:6,(anonymous_16)
FNDA:5,(anonymous_17)
FNDA:5,(anonymous_18)
FNDA:7,(anonymous_19)
FNDA:5,(anonymous_20)
FNDA:6,(anonymous_21)
FNDA:18,(anonymous_22)
FNDA:7,(anonymous_23)
FNDA:5,(anonymous_24)
FNDA:5,(anonymous_25)
FNDA:5,(anonymous_26)
FNDA:5,(anonymous_27)
FNDA:5,(anonymous_28)
FNDA:5,(anonymous_29)
FNDA:5,(anonymous_30)
FNDA:5,(anonymous_31)
FNDA:48,(anonymous_32)
FNDA:5,(anonymous_33)
FNDA:5,(anonymous_34)
FNDA:6,(anonymous_35)
FNDA:5,(anonymous_36)
FNDA:5,(anonymous_37)
FNDA:5,(anonymous_38)
FNDA:5,(anonymous_39)
FNDA:5,(anonymous_40)
FNDA:10,_sinh
FNDA:5,(anonymous_42)
FNDA:10,_cosh
FNDA:5,(anonymous_44)
FNDA:5,(anonymous_45)
FNDA:18,(anonymous_46)
FNDA:5,(anonymous_47)
FNDA:5,(anonymous_48)
FNDA:5,(anonymous_49)
FNDA:5,(anonymous_50)
FNDA:5,(anonymous_51)
FNDA:5,(anonymous_52)
FNDA:10,(anonymous_53)
FNDA:9,(anonymous_54)
FNDA:3,(anonymous_55)
FNDA:3,(anonymous_56)
FNDA:3,(anonymous_57)
FNDA:3,(anonymous_58)
FNDA:3,(anonymous_59)
FNDA:5,(anonymous_60)
FNDA:5,(anonymous_61)
FNDA:5,(anonymous_62)
FNDA:5,(anonymous_63)
FNDA:6,(anonymous_64)
FNDA:5,(anonymous_65)
FNDA:5,(anonymous_66)
FNDA:4,(anonymous_67)
FNDA:83,(anonymous_68)
FNDA:38,(anonymous_69)
FNDA:8,(anonymous_70)
FNDA:3,(anonymous_71)
FNDA:3,(anonymous_72)
FNDA:3,(anonymous_73)
FNDA:2,(anonymous_74)
FNDA:23,(anonymous_75)
FNDA:2,(anonymous_76)
FNDA:1,(anonymous_77)
FNDA:1,(anonymous_78)
FNDA:1,(anonymous_79)
FNDA:2,(anonymous_80)
FNDA:1,(anonymous_81)
FNDA:2,(anonymous_82)
FNDA:4,(anonymous_83)
FNDA:20,(anonymous_84)
FNDA:8,(anonymous_85)
FNDA:12,(anonymous_86)
FNDA:8,(anonymous_87)
FNDA:9,(anonymous_88)
FNDA:9,(anonymous_89)
FNDA:8,(anonymous_90)
FNDA:8,(anonymous_91)
FNDA:1,(anonymous_92)
FNDA:2,(anonymous_93)
FNDA:1,(anonymous_94)
FNDA:1,(anonymous_95)
FNDA:1,(anonymous_96)
FNDA:5,(anonymous_97)
FNDA:2,(anonymous_98)
FNDA:1,(anonymous_99)
FNDA:3,(anonymous_100)
FNDA:82,clip_for_map
DA:1,1
DA:4,1
DA:6,1
DA:7,1
DA:9,1
DA:10,4
DA:11,22
DA:13,22
DA:16,17
DA:19,5
DA:20,4
DA:25,1
DA:29,1
DA:30,1
DA:31,1
DA:32,1
DA:33,1
DA:35,1
DA:37,1
DA:38,2
DA:41,1
DA:42,80
DA:45,1
DA:46,86
DA:49,1
DA:50,3
DA:51,2
DA:53,1
DA:56,1
DA:57,220
DA:60,1
DA:61,2
DA:64,1
DA:66,1
DA:67,1
DA:70,1
DA:71,5
DA:74,1
DA:75,11
DA:80,1
DA:81,22
DA:84,1
DA:85,9
DA:88,1
DA:89,6
DA:92,1
DA:93,5
DA:95,5
DA:96,2
DA:98,3
DA:101,1
DA:102,5
DA:103,5
DA:108,1
DA:109,7
DA:112,1
DA:113,5
DA:116,1
DA:117,6
DA:120,1
DA:121,18
DA:124,1
DA:125,7
DA:128,1
DA:129,5
DA:134,1
DA:135,5
DA:140,1
DA:141,5
DA:146,1
DA:147,5
DA:152,1
DA:153,5
DA:158,1
DA:159,5
DA:164,1
DA:165,5
DA:170,1
DA:171,5
DA:176,1
DA:177,48
DA:180,1
DA:181,5
DA:184,1
DA:185,5
DA:188,1
DA:189,6
DA:192,1
DA:193,5
DA:196,1
DA:197,5
DA:200,1
DA:201,5
DA:204,1
DA:205,5
DA:208,1
DA:209,5
DA:212,1
DA:213,10
DA:216,1
DA:217,5
DA:220,1
DA:221,10
DA:224,1
DA:225,5
DA:228,1
DA:229,5
DA:232,1
DA:233,18
DA:238,1
DA:239,5
DA:244,1
DA:245,5
DA:250,1
DA:251,5
DA:256,1
DA:257,5
DA:262,1
DA:263,5
DA:268,1
DA:269,5
DA:270,5
DA:273,1
DA:274,10
DA:277,1
DA:278,9
DA:281,1
DA:282,3
DA:285,1
DA:286,3
DA:289,1
DA:290,3
DA:293,1
DA:294,3
DA:297,1
DA:298,3
DA:301,1
DA:302,5
DA:305,1
DA:306,5
DA:307,5
DA:308,3
DA:310,2
DA:313,1
DA:314,5
DA:315,5
DA:316,3
DA:318,2
DA:321,1
DA:322,5
DA:323,5
DA:324,3
DA:326,2
DA:329,1
DA:330,6
DA:331,6
DA:332,3
DA:334,3
DA:335,2
DA:337,1
DA:340,1
DA:341,5
DA:342,5
DA:343,3
DA:345,2
DA:346,1
DA:348,1
DA:351,1
DA:352,5
DA:353,5
DA:354,3
DA:356,2
DA:357,1
DA:359,1
DA:375,1
DA:376,4
DA:377,4
DA:412,1
DA:413,83
DA:416,1
DA:417,38
DA:420,1
DA:421,8
DA:423,1
DA:424,3
DA:426,1
DA:427,3
DA:429,1
DA:430,3
DA:433,1
DA:434,2
DA:435,2
DA:436,2
DA:441,1
DA:442,23
DA:445,1
DA:446,2
DA:452,1
DA:453,1
DA:456,1
DA:457,1
DA:464,1
DA:465,1
DA:470,1
DA:471,2
DA:472,2
DA:477,1
DA:478,1
DA:483,1
DA:484,2
DA:485,2
DA:490,1
DA:491,4
DA:492,4
DA:493,4
DA:494,4
DA:496,4
DA:497,4
DA:499,4
DA:500,3
DA:503,1
DA:506,1
DA:507,20
DA:508,20
DA:509,20
DA:510,20
DA:511,20
DA:512,20
DA:514,20
DA:516,20
DA:518,12
DA:522,20
DA:525,1
DA:526,8
DA:527,8
DA:528,8
DA:529,8
DA:530,8
DA:531,8
DA:533,8
DA:535,8
DA:537,4
DA:542,8
DA:545,1
DA:546,12
DA:547,12
DA:548,12
DA:549,12
DA:550,12
DA:551,12
DA:553,12
DA:555,12
DA:557,8
DA:561,12
DA:564,1
DA:565,8
DA:566,8
DA:567,8
DA:568,8
DA:569,8
DA:570,8
DA:572,8
DA:574,8
DA:576,4
DA:581,8
DA:584,1
DA:585,9
DA:586,9
DA:587,9
DA:588,9
DA:589,9
DA:590,9
DA:591,9
DA:593,9
DA:595,9
DA:596,5
DA:597,1
DA:599,4
DA:600,4
DA:601,4
DA:602,4
DA:604,4
DA:608,9
DA:611,1
DA:612,9
DA:613,9
DA:614,9
DA:615,9
DA:616,9
DA:617,9
DA:618,9
DA:620,9
DA:622,9
DA:623,5
DA:624,1
DA:626,4
DA:627,4
DA:628,4
DA:630,4
DA:635,9
DA:638,1
DA:639,8
DA:640,8
DA:641,8
DA:642,8
DA:643,8
DA:644,8
DA:645,8
DA:646,8
DA:648,8
DA:650,8
DA:651,4
DA:652,2
DA:654,2
DA:658,8
DA:661,1
DA:662,8
DA:663,8
DA:664,8
DA:665,8
DA:666,8
DA:667,8
DA:668,8
DA:669,8
DA:671,8
DA:673,8
DA:674,4
DA:675,2
DA:677,2
DA:681,8
DA:684,1
DA:685,1
DA:686,1
DA:687,1
DA:689,1
DA:690,1
DA:692,1
DA:695,1
DA:696,2
DA:697,2
DA:698,2
DA:699,2
DA:700,2
DA:702,2
DA:704,2
DA:706,1
DA:712,1
DA:713,1
DA:721,1
DA:722,1
DA:724,1
DA:729,1
DA:730,1
DA:731,1
DA:732,1
DA:735,1
DA:743,1
DA:744,1
DA:752,1
DA:753,5
DA:756,1
DA:757,2
DA:758,1
DA:760,1
DA:763,1
DA:764,1
DA:765,1
DA:767,1
DA:770,1
DA:771,1
DA:772,1
DA:773,1
DA:774,1
DA:775,1
DA:776,1
DA:777,1
DA:781,1
DA:782,3
DA:783,3
DA:784,3
DA:785,3
DA:787,3
DA:788,2
DA:789,1
DA:791,1
DA:794,3
DA:796,3
DA:797,3
DA:798,3
DA:800,3
DA:817,1
DA:820,1
DA:822,82
DA:824,42
DA:825,10
DA:827,32
DA:828,10
DA:830,22
DA:832,16
DA:833,8
DA:835,8
DA:837,16
DA:838,8
DA:840,8
DA:843,46
LF:405
LH:405
BRDA:13,1,0,15
BRDA:13,1,1,17
BRDA:19,2,0,4
BRDA:19,2,1,1
BRDA:50,3,0,2
BRDA:50,3,1,1
BRDA:71,4,0,3
BRDA:71,4,1,2
BRDA:95,5,0,2
BRDA:95,5,1,3
BRDA:104,6,0,2
BRDA:104,6,1,3
BRDA:104,7,0,1
BRDA:104,7,1,2
BRDA:270,8,0,3
BRDA:270,8,1,2
BRDA:302,9,0,2
BRDA:302,9,1,3
BRDA:307,10,0,3
BRDA:307,10,1,2
BRDA:307,11,0,5
BRDA:307,11,1,3
BRDA:315,12,0,3
BRDA:315,12,1,2
BRDA:315,13,0,5
BRDA:315,13,1,3
BRDA:323,14,0,3
BRDA:323,14,1,2
BRDA:323,15,0,5
BRDA:323,15,1,3
BRDA:331,16,0,3
BRDA:331,16,1,3
BRDA:331,17,0,6
BRDA:331,17,1,4
BRDA:334,18,0,2
BRDA:334,18,1,1
BRDA:342,19,0,3
BRDA:342,19,1,2
BRDA:345,20,0,1
BRDA:345,20,1,1
BRDA:353,21,0,3
BRDA:353,21,1,2
BRDA:356,22,0,1
BRDA:356,22,1,1
BRDA:499,23,0,3
BRDA:499,23,1,1
BRDA:516,24,0,12
BRDA:516,24,1,8
BRDA:535,25,0,4
BRDA:535,25,1,4
BRDA:555,26,0,8
BRDA:555,26,1,4
BRDA:574,27,0,4
BRDA:574,27,1,4
BRDA:595,28,0,5
BRDA:595,28,1,4
BRDA:596,29,0,1
BRDA:596,29,1,4
BRDA:622,30,0,5
BRDA:622,30,1,4
BRDA:623,31,0,1
BRDA:623,31,1,4
BRDA:650,32,0,4
BRDA:650,32,1,4
BRDA:651,33,0,2
BRDA:651,33,1,2
BRDA:673,34,0,4
BRDA:673,34,1,4
BRDA:674,35,0,2
BRDA:674,35,1,2
BRDA:704,36,0,1
BRDA:704,36,1,1
BRDA:757,37,0,1
BRDA:757,37,1,1
BRDA:787,38,0,2
BRDA:787,38,1,1
BRDA:788,39,0,1
BRDA:788,39,1,1
BRDA:822,40,0,42
BRDA:822,40,1,16
BRDA:822,40,2,16
BRDA:824,41,0,10
BRDA:824,41,1,32
BRDA:827,42,0,10
BRDA:827,42,1,22
BRDA:832,43,0,8
BRDA:832,43,1,8
BRDA:837,44,0,8
BRDA:837,44,1,8
BRF:89
BRH:89
end_of_record
TN:
SF:/Users/mohayonao/webapp/SCScript/src/sc/lang/classlib/Math/Number.js
FN:1,(anonymous_1)
FN:9,(anonymous_2)
FN:12,(anonymous_3)
FN:16,(anonymous_4)
FN:20,(anonymous_5)
FN:24,(anonymous_6)
FN:28,(anonymous_7)
FN:32,(anonymous_8)
FN:36,(anonymous_9)
FN:40,(anonymous_10)
FN:44,(anonymous_11)
FN:53,(anonymous_12)
FN:59,(anonymous_13)
FN:67,(anonymous_14)
FN:75,(anonymous_15)
FN:83,(anonymous_16)
FNF:16
FNH:16
FNDA:1,(anonymous_1)
FNDA:1,(anonymous_2)
FNDA:1,(anonymous_3)
FNDA:1,(anonymous_4)
FNDA:1,(anonymous_5)
FNDA:1,(anonymous_6)
FNDA:1,(anonymous_7)
FNDA:1,(anonymous_8)
FNDA:1,(anonymous_9)
FNDA:22,(anonymous_10)
FNDA:67,(anonymous_11)
FNDA:1,(anonymous_12)
FNDA:1,(anonymous_13)
FNDA:1,(anonymous_14)
FNDA:1,(anonymous_15)
FNDA:1,(anonymous_16)
DA:1,1
DA:4,1
DA:6,1
DA:7,1
DA:9,1
DA:10,1
DA:12,1
DA:13,1
DA:16,1
DA:17,1
DA:20,1
DA:21,1
DA:24,1
DA:25,1
DA:28,1
DA:29,1
DA:32,1
DA:33,1
DA:36,1
DA:37,1
DA:40,1
DA:41,22
DA:42,22
DA:44,22
DA:45,67
DA:51,1
DA:53,1
DA:54,1
DA:57,1
DA:59,1
DA:60,1
DA:67,1
DA:68,1
DA:72,1
DA:75,1
DA:76,1
DA:80,1
DA:83,1
DA:84,1
DA:88,1
LF:40
LH:40
BRF:0
BRH:0
end_of_record
TN:
SF:/Users/mohayonao/webapp/SCScript/src/sc/lang/classlib/Math/Float.js
FN:1,(anonymous_1)
FN:10,prOpFloat
FN:13,(anonymous_3)
FN:29,(anonymous_4)
FN:30,(anonymous_5)
FN:46,(anonymous_6)
FN:96,(anonymous_7)
FN:100,(anonymous_8)
FN:117,(anonymous_9)
FN:134,(anonymous_10)
FN:154,(anonymous_11)
FN:163,(anonymous_12)
FN:172,(anonymous_13)
FN:181,(anonymous_14)
FN:190,(anonymous_15)
FN:199,(anonymous_16)
FN:207,(anonymous_17)
FN:220,(anonymous_18)
FNF:18
FNH:18
FNDA:1,(anonymous_1)
FNDA:42,prOpFloat
FNDA:391,(anonymous_3)
FNDA:1,(anonymous_4)
FNDA:38,(anonymous_5)
FNDA:1,(anonymous_6)
FNDA:42,(anonymous_7)
FNDA:11,(anonymous_8)
FNDA:11,(anonymous_9)
FNDA:11,(anonymous_10)
FNDA:1,(anonymous_11)
FNDA:1,(anonymous_12)
FNDA:1,(anonymous_13)
FNDA:1,(anonymous_14)
FNDA:1,(anonymous_15)
FNDA:1,(anonymous_16)
FNDA:1,(anonymous_17)
FNDA:1,(anonymous_18)
DA:1,1
DA:4,1
DA:6,1
DA:7,1
DA:8,1
DA:10,1
DA:11,42
DA:13,42
DA:14,391
DA:16,391
DA:18,189
DA:20,201
DA:23,1
DA:29,1
DA:30,1
DA:31,38
DA:33,38
DA:34,1
DA:36,37
DA:37,1
DA:39,36
DA:40,1
DA:43,35
DA:46,1
DA:47,1
DA:50,1
DA:51,1
DA:53,1
DA:97,42
DA:100,1
DA:101,11
DA:102,11
DA:105,11
DA:106,1
DA:108,10
DA:109,1
DA:112,9
DA:117,1
DA:118,11
DA:119,11
DA:122,11
DA:123,1
DA:125,10
DA:126,1
DA:129,9
DA:134,1
DA:135,11
DA:136,11
DA:139,11
DA:140,1
DA:142,10
DA:143,1
DA:146,9
DA:154,1
DA:156,1
DA:163,1
DA:165,1
DA:172,1
DA:174,1
DA:181,1
DA:183,1
DA:190,1
DA:192,1
DA:199,1
DA:200,1
DA:204,1
DA:207,1
DA:208,1
DA:212,1
DA:220,1
DA:221,1
DA:222,1
DA:223,1
DA:224,1
LF:74
LH:74
BRDA:16,1,0,189
BRDA:16,1,1,201
BRDA:33,2,0,1
BRDA:33,2,1,37
BRDA:36,3,0,1
BRDA:36,3,1,36
BRDA:39,4,0,1
BRDA:39,4,1,35
BRDA:105,5,0,1
BRDA:105,5,1,10
BRDA:108,6,0,1
BRDA:108,6,1,9
BRDA:122,7,0,1
BRDA:122,7,1,10
BRDA:125,8,0,1
BRDA:125,8,1,9
BRDA:139,9,0,1
BRDA:139,9,1,10
BRDA:142,10,0,1
BRDA:142,10,1,9
BRF:20
BRH:20
end_of_record
TN:
SF:/Users/mohayonao/webapp/SCScript/src/sc/lang/classlib/Collections/Dictionary.js
FN:1,(anonymous_1)
FN:6,SCDictionary
FN:11,(anonymous_3)
FN:61,SCIdentityDictionary
FN:65,(anonymous_5)
FNF:5
FNH:5
FNDA:1,(anonymous_1)
FNDA:4,SCDictionary
FNDA:1,(anonymous_3)
FNDA:3,SCIdentityDictionary
FNDA:1,(anonymous_5)
DA:1,1
DA:4,1
DA:6,1
DA:7,4
DA:8,4
DA:11,1
DA:61,1
DA:62,3
DA:65,1
LF:9
LH:9
BRF:0
BRH:0
end_of_record
TN:
SF:/Users/mohayonao/webapp/SCScript/src/sc/lang/classlib/Collections/Set.js
FN:1,(anonymous_1)
FN:6,SCSet
FN:10,(anonymous_3)
FNF:3
FNH:3
FNDA:1,(anonymous_1)
FNDA:5,SCSet
FNDA:1,(anonymous_3)
DA:1,1
DA:4,1
DA:6,1
DA:7,5
DA:10,1
LF:5
LH:5
BRF:0
BRH:0
end_of_record
TN:
SF:/Users/mohayonao/webapp/SCScript/src/sc/lang/classlib/Collections/Environment.js
FN:1,(anonymous_1)
FN:6,SCEnvironment
FN:10,(anonymous_3)
FNF:3
FNH:3
FNDA:1,(anonymous_1)
FNDA:2,SCEnvironment
FNDA:1,(anonymous_3)
DA:1,1
DA:4,1
DA:6,1
DA:7,2
DA:10,1
LF:5
LH:5
BRF:0
BRH:0
end_of_record
TN:
SF:/Users/mohayonao/webapp/SCScript/src/sc/lang/classlib/Collections/Event.js
FN:1,(anonymous_1)
FN:6,SCEvent
FN:10,(anonymous_3)
FNF:3
FNH:3
FNDA:1,(anonymous_1)
FNDA:1,SCEvent
FNDA:1,(anonymous_3)
DA:1,1
DA:4,1
DA:6,1
DA:7,1
DA:10,1
LF:5
LH:5
BRF:0
BRH:0
end_of_record
TN:
SF:/Users/mohayonao/webapp/SCScript/src/sc/lang/classlib/Core/Kernel.js
FN:1,(anonymous_1)
FNF:1
FNH:1
FNDA:1,(anonymous_1)
DA:1,1
DA:4,1
DA:6,1
LF:3
LH:3
BRF:0
BRH:0
end_of_record
TN:
SF:/Users/mohayonao/webapp/SCScript/src/sc/lang/classlib/Core/Ref.js
FN:1,(anonymous_1)
FN:8,SCRef
FN:13,(anonymous_3)
FN:14,(anonymous_4)
FN:18,(anonymous_5)
FN:22,(anonymous_6)
FN:29,(anonymous_7)
FN:35,(anonymous_8)
FN:56,(anonymous_9)
FN:60,(anonymous_10)
FNF:10
FNH:10
FNDA:1,(anonymous_1)
FNDA:14,SCRef
FNDA:1,(anonymous_3)
FNDA:1,(anonymous_4)
FNDA:6,(anonymous_5)
FNDA:1,(anonymous_6)
FNDA:1,(anonymous_7)
FNDA:1,(anonymous_8)
FNDA:1,(anonymous_9)
FNDA:1,(anonymous_10)
DA:1,1
DA:4,1
DA:6,1
DA:8,1
DA:9,14
DA:10,14
DA:13,1
DA:14,1
DA:15,1
DA:18,1
DA:19,6
DA:22,1
DA:23,1
DA:24,1
DA:29,1
DA:30,1
DA:31,1
DA:32,1
DA:35,1
DA:36,1
DA:39,1
DA:41,1
DA:43,1
DA:45,1
DA:47,1
DA:49,1
DA:51,1
DA:56,1
DA:57,1
DA:60,1
DA:61,1
LF:31
LH:31
BRDA:10,1,0,14
BRDA:10,1,1,1
BRF:2
BRH:2
end_of_record
TN:
SF:/Users/mohayonao/webapp/SCScript/src/sc/lang/classlib/Core/Thread.js
FN:1,(anonymous_1)
FN:6,SCThread
FN:10,(anonymous_3)
FN:52,SCRoutine
FN:56,(anonymous_5)
FNF:5
FNH:5
FNDA:1,(anonymous_1)
FNDA:2,SCThread
FNDA:1,(anonymous_3)
FNDA:1,SCRoutine
FNDA:1,(anonymous_5)
DA:1,1
DA:4,1
DA:6,1
DA:7,2
DA:10,1
DA:52,1
DA:53,1
DA:56,1
LF:8
LH:8
BRF:0
BRH:0
end_of_record
TN:
SF:/Users/mohayonao/webapp/SCScript/src/sc/lang/classlib/Streams/Stream.js
FN:1,(anonymous_1)
FN:6,SCStream
FN:10,(anonymous_3)
FN:47,SCPauseStream
FN:51,(anonymous_5)
FN:78,SCTask
FN:82,(anonymous_7)
FNF:7
FNH:7
FNDA:1,(anonymous_1)
FNDA:5,SCStream
FNDA:1,(anonymous_3)
FNDA:2,SCPauseStream
FNDA:1,(anonymous_5)
FNDA:1,SCTask
FNDA:1,(anonymous_7)
DA:1,1
DA:4,1
DA:6,1
DA:7,5
DA:10,1
DA:47,1
DA:48,2
DA:51,1
DA:78,1
DA:79,1
DA:82,1
LF:11
LH:11
BRF:0
BRH:0
end_of_record
